 Test
Error: 2019-12-31  Test 2
INFO:  31-12-2019 23:05:14   Test
Error: 2019-12-31  Test 2
INFO:  31-12-2019 23:05:44   Test
Error: 2019-12-31  Test 2
INFO:  31-12-2019 23:11:51   Test
ERROR:  31-12-2019 23:14:57   Test 2
INFO:  31-12-2019 23:14:57   Test
ERROR:  31-12-2019 23:15:24   Test 2
INFO:  31-12-2019 23:15:24   Test
ERROR:  31-12-2019 23:16:01   Test2 
INFO:  31-12-2019 23:16:01   Test
ERROR:  31-12-2019 23:16:40  Info
INFO:  31-12-2019 23:17:52  InfoINFO:  31-12-2019 23:18:54  
Info
INFO:  31-12-2019 23:20:36  
INFO:  31-12-2019 23:24:14  Info
INFO:  31-12-2019 23:25:44  InfoErrorError
INFO:  31-12-2019 23:29:15  Infotesttesttesttest
INFO:  31-12-2019 23:32:52  test
INFO:  31-12-2019 23:33:07  test
INFO:  31-12-2019 23:33:57  test
Error:  31-12-2019 23:34:35  test