2019-09-17 21:47:17,513 [Worker-6: Loading available Gradle versions] INFO  o.e.b.c.i.u.g.PublishedGradleVersions - Gradle version information cache is out-of-date. Trying to update.
2019-09-17 21:55:29,142 [Worker-4: Creating project "app"] INFO  o.e.m.c.i.l.LifecycleMappingFactory - Using org.maven.ide.eclipse.wtp.WarLifecycleMapping lifecycle mapping for MavenProject: loan:app:0.0.1-SNAPSHOT @ C:\Users\Mark\eclipse-workspace\LoanApp\app\pom.xml.
2019-09-17 21:55:30,895 [Worker-4: Creating project "app"] INFO  o.e.m.j.i.AbstractJavaProjectConfigurator - Adding source folder /app/src/main/java
2019-09-17 21:55:30,897 [Worker-4: Creating project "app"] INFO  o.e.m.j.i.AbstractJavaProjectConfigurator - Adding resource folder /app/src/main/resources
2019-09-17 21:55:30,899 [Worker-4: Creating project "app"] INFO  o.e.m.j.i.AbstractJavaProjectConfigurator - Adding source folder /app/src/test/java
2019-09-17 21:55:30,900 [Worker-4: Creating project "app"] INFO  o.e.m.j.i.AbstractJavaProjectConfigurator - Adding resource folder /app/src/test/resources
2019-09-17 21:55:33,883 [Worker-18: Building workspace] WARN  o.e.m.c.i.embedder.EclipseLogger - Using platform encoding (Cp1252 actually) to copy filtered resources, i.e. build is platform dependent!
2019-09-17 21:55:33,897 [Worker-18: Building workspace] INFO  o.e.m.c.i.embedder.EclipseLogger - Copying 0 resource
2019-09-17 21:55:33,900 [Worker-18: Building workspace] WARN  o.e.m.c.i.embedder.EclipseLogger - Using platform encoding (Cp1252 actually) to copy filtered resources, i.e. build is platform dependent!
2019-09-17 21:55:33,901 [Worker-18: Building workspace] INFO  o.e.m.c.i.embedder.EclipseLogger - Copying 0 resource
2019-09-17 21:55:35,149 [Worker-8: Building workspace] WARN  o.e.m.c.i.embedder.EclipseLogger - Using platform encoding (Cp1252 actually) to copy filtered resources, i.e. build is platform dependent!
2019-09-17 21:55:35,157 [Worker-8: Building workspace] INFO  o.e.m.c.i.embedder.EclipseLogger - Copying 0 resource
2019-09-17 21:55:35,160 [Worker-8: Building workspace] WARN  o.e.m.c.i.embedder.EclipseLogger - Using platform encoding (Cp1252 actually) to copy filtered resources, i.e. build is platform dependent!
2019-09-17 21:55:35,163 [Worker-8: Building workspace] INFO  o.e.m.c.i.embedder.EclipseLogger - Copying 0 resource
2019-09-17 21:55:54,384 [Worker-14: Updating Maven Project] INFO  o.e.m.c.i.p.ProjectConfigurationManager - Update started
2019-09-17 21:55:54,972 [Worker-14: Updating Maven Project] INFO  o.e.m.c.i.l.LifecycleMappingFactory - Using org.maven.ide.eclipse.wtp.WarLifecycleMapping lifecycle mapping for MavenProject: loan:app:0.0.1-SNAPSHOT @ C:\Users\Mark\eclipse-workspace\LoanApp\app\pom.xml.
2019-09-17 21:55:55,626 [Worker-14: Updating Maven Project] INFO  o.e.m.j.i.AbstractJavaProjectConfigurator - Adding source folder /app/src/main/java
2019-09-17 21:55:55,627 [Worker-14: Updating Maven Project] INFO  o.e.m.j.i.AbstractJavaProjectConfigurator - Adding resource folder /app/src/main/resources
2019-09-17 21:55:55,627 [Worker-14: Updating Maven Project] INFO  o.e.m.j.i.AbstractJavaProjectConfigurator - Adding source folder /app/src/test/java
2019-09-17 21:55:55,627 [Worker-14: Updating Maven Project] INFO  o.e.m.j.i.AbstractJavaProjectConfigurator - Adding resource folder /app/src/test/resources
2019-09-17 21:55:55,894 [Worker-14: Updating Maven Project] INFO  o.e.m.w.i.f.ResourceFilteringBuildParticipant - Cleaning filtered folder for app
2019-09-17 21:55:55,911 [Worker-14: Updating Maven Project] INFO  o.e.m.c.i.p.ProjectConfigurationManager - Update completed: 1 sec
2019-09-17 21:55:56,042 [Worker-14: Building workspace] WARN  o.e.m.c.i.embedder.EclipseLogger - Using platform encoding (Cp1252 actually) to copy filtered resources, i.e. build is platform dependent!
2019-09-17 21:55:56,044 [Worker-14: Building workspace] INFO  o.e.m.c.i.embedder.EclipseLogger - Copying 0 resource
2019-09-17 21:55:56,046 [Worker-14: Building workspace] WARN  o.e.m.c.i.embedder.EclipseLogger - Using platform encoding (Cp1252 actually) to copy filtered resources, i.e. build is platform dependent!
2019-09-17 21:55:56,047 [Worker-14: Building workspace] INFO  o.e.m.c.i.embedder.EclipseLogger - Copying 0 resource
2019-09-17 21:55:56,048 [Worker-14: Building workspace] INFO  o.e.m.w.i.f.ResourceFilteringBuildParticipant - Changed resources require a complete clean of filtered resources of app
2019-09-17 21:55:56,049 [Worker-14: Building workspace] INFO  o.e.m.w.i.f.ResourceFilteringBuildParticipant - Executing resource filtering for app
2019-09-17 21:55:56,054 [Worker-14: Building workspace] WARN  o.e.m.c.i.embedder.EclipseLogger - Using platform encoding (Cp1252 actually) to copy filtered resources, i.e. build is platform dependent!
2019-09-17 21:56:29,124 [Worker-4: Rebuilding] WARN  o.e.m.c.i.embedder.EclipseLogger - Using platform encoding (Cp1252 actually) to copy filtered resources, i.e. build is platform dependent!
2019-09-17 21:56:29,126 [Worker-4: Rebuilding] INFO  o.e.m.c.i.embedder.EclipseLogger - Copying 0 resource
2019-09-17 21:56:29,127 [Worker-4: Rebuilding] WARN  o.e.m.c.i.embedder.EclipseLogger - Using platform encoding (Cp1252 actually) to copy filtered resources, i.e. build is platform dependent!
2019-09-17 21:56:29,129 [Worker-4: Rebuilding] INFO  o.e.m.c.i.embedder.EclipseLogger - Copying 0 resource
2019-09-17 22:02:33,813 [Worker-10: Building workspace] WARN  o.e.m.c.i.embedder.EclipseLogger - Using platform encoding (Cp1252 actually) to copy filtered resources, i.e. build is platform dependent!
2019-09-17 22:02:33,818 [Worker-10: Building workspace] INFO  o.e.m.c.i.embedder.EclipseLogger - Copying 0 resource
2019-09-17 22:02:33,819 [Worker-10: Building workspace] WARN  o.e.m.c.i.embedder.EclipseLogger - Using platform encoding (Cp1252 actually) to copy filtered resources, i.e. build is platform dependent!
2019-09-17 22:02:33,821 [Worker-10: Building workspace] INFO  o.e.m.c.i.embedder.EclipseLogger - Copying 0 resource
2019-09-17 22:02:51,944 [Worker-5: Updating Maven Project] INFO  o.e.m.c.i.p.ProjectConfigurationManager - Update started
2019-09-17 22:02:52,422 [Worker-5: Updating Maven Project] INFO  o.e.m.c.i.l.LifecycleMappingFactory - Using org.maven.ide.eclipse.wtp.WarLifecycleMapping lifecycle mapping for MavenProject: loan:app:0.0.1-SNAPSHOT @ C:\Users\Mark\eclipse-workspace\LoanApp\app\pom.xml.
2019-09-17 22:02:52,849 [Worker-5: Updating Maven Project] INFO  o.e.m.j.i.AbstractJavaProjectConfigurator - Adding source folder /app/src/main/java
2019-09-17 22:02:52,850 [Worker-5: Updating Maven Project] INFO  o.e.m.j.i.AbstractJavaProjectConfigurator - Adding resource folder /app/src/main/resources
2019-09-17 22:02:52,851 [Worker-5: Updating Maven Project] INFO  o.e.m.j.i.AbstractJavaProjectConfigurator - Adding source folder /app/src/test/java
2019-09-17 22:02:52,851 [Worker-5: Updating Maven Project] INFO  o.e.m.j.i.AbstractJavaProjectConfigurator - Adding resource folder /app/src/test/resources
2019-09-17 22:02:53,145 [Worker-5: Updating Maven Project] INFO  o.e.m.w.i.f.ResourceFilteringBuildParticipant - Cleaning filtered folder for app
2019-09-17 22:02:53,155 [Worker-5: Updating Maven Project] INFO  o.e.m.c.i.p.ProjectConfigurationManager - Update completed: 1 sec
2019-09-17 22:02:53,286 [Worker-5: Building workspace] WARN  o.e.m.c.i.embedder.EclipseLogger - Using platform encoding (Cp1252 actually) to copy filtered resources, i.e. build is platform dependent!
2019-09-17 22:02:53,288 [Worker-5: Building workspace] INFO  o.e.m.c.i.embedder.EclipseLogger - Copying 0 resource
2019-09-17 22:02:53,289 [Worker-5: Building workspace] WARN  o.e.m.c.i.embedder.EclipseLogger - Using platform encoding (Cp1252 actually) to copy filtered resources, i.e. build is platform dependent!
2019-09-17 22:02:53,291 [Worker-5: Building workspace] INFO  o.e.m.c.i.embedder.EclipseLogger - Copying 0 resource
2019-09-17 22:02:53,292 [Worker-5: Building workspace] INFO  o.e.m.w.i.f.ResourceFilteringBuildParticipant - Changed resources require a complete clean of filtered resources of app
2019-09-17 22:02:53,292 [Worker-5: Building workspace] INFO  o.e.m.w.i.f.ResourceFilteringBuildParticipant - Executing resource filtering for app
2019-09-17 22:02:53,303 [Worker-5: Building workspace] WARN  o.e.m.c.i.embedder.EclipseLogger - Using platform encoding (Cp1252 actually) to copy filtered resources, i.e. build is platform dependent!
2019-09-17 22:04:04,460 [Worker-10: Building workspace] WARN  o.e.m.c.i.embedder.EclipseLogger - Using platform encoding (Cp1252 actually) to copy filtered resources, i.e. build is platform dependent!
2019-09-17 22:04:04,469 [Worker-10: Building workspace] INFO  o.e.m.c.i.embedder.EclipseLogger - Copying 0 resource
2019-09-17 22:04:04,470 [Worker-10: Building workspace] WARN  o.e.m.c.i.embedder.EclipseLogger - Using platform encoding (Cp1252 actually) to copy filtered resources, i.e. build is platform dependent!
2019-09-17 22:04:04,472 [Worker-10: Building workspace] INFO  o.e.m.c.i.embedder.EclipseLogger - Copying 0 resource
2019-09-17 22:04:14,757 [Worker-14: Building workspace] WARN  o.e.m.c.i.embedder.EclipseLogger - Using platform encoding (Cp1252 actually) to copy filtered resources, i.e. build is platform dependent!
2019-09-17 22:04:14,758 [Worker-14: Building workspace] INFO  o.e.m.c.i.embedder.EclipseLogger - Copying 0 resource
2019-09-17 22:04:14,759 [Worker-14: Building workspace] WARN  o.e.m.c.i.embedder.EclipseLogger - Using platform encoding (Cp1252 actually) to copy filtered resources, i.e. build is platform dependent!
2019-09-17 22:04:14,761 [Worker-14: Building workspace] INFO  o.e.m.c.i.embedder.EclipseLogger - Copying 0 resource
2019-09-17 22:04:27,789 [Worker-19: Updating Maven Project] INFO  o.e.m.c.i.p.ProjectConfigurationManager - Update started
2019-09-17 22:04:28,201 [Worker-19: Updating Maven Project] INFO  o.e.m.c.i.l.LifecycleMappingFactory - Using org.maven.ide.eclipse.wtp.WarLifecycleMapping lifecycle mapping for MavenProject: loan:app:0.0.1-SNAPSHOT @ C:\Users\Mark\eclipse-workspace\LoanApp\app\pom.xml.
2019-09-17 22:04:28,589 [Worker-19: Updating Maven Project] INFO  o.e.m.j.i.AbstractJavaProjectConfigurator - Adding source folder /app/src/main/java
2019-09-17 22:04:28,589 [Worker-19: Updating Maven Project] INFO  o.e.m.j.i.AbstractJavaProjectConfigurator - Adding resource folder /app/src/main/resources
2019-09-17 22:04:28,590 [Worker-19: Updating Maven Project] INFO  o.e.m.j.i.AbstractJavaProjectConfigurator - Adding source folder /app/src/test/java
2019-09-17 22:04:28,590 [Worker-19: Updating Maven Project] INFO  o.e.m.j.i.AbstractJavaProjectConfigurator - Adding resource folder /app/src/test/resources
2019-09-17 22:04:28,805 [Worker-19: Updating Maven Project] INFO  o.e.m.w.i.f.ResourceFilteringBuildParticipant - Cleaning filtered folder for app
2019-09-17 22:04:28,817 [Worker-19: Updating Maven Project] INFO  o.e.m.c.i.p.ProjectConfigurationManager - Update completed: 1 sec
2019-09-17 22:04:29,035 [Worker-5: Building workspace] WARN  o.e.m.c.i.embedder.EclipseLogger - Using platform encoding (Cp1252 actually) to copy filtered resources, i.e. build is platform dependent!
2019-09-17 22:04:29,037 [Worker-5: Building workspace] INFO  o.e.m.c.i.embedder.EclipseLogger - Copying 0 resource
2019-09-17 22:04:29,039 [Worker-5: Building workspace] WARN  o.e.m.c.i.embedder.EclipseLogger - Using platform encoding (Cp1252 actually) to copy filtered resources, i.e. build is platform dependent!
2019-09-17 22:04:29,041 [Worker-5: Building workspace] INFO  o.e.m.c.i.embedder.EclipseLogger - Copying 0 resource
2019-09-17 22:04:29,041 [Worker-5: Building workspace] INFO  o.e.m.w.i.f.ResourceFilteringBuildParticipant - Changed resources require a complete clean of filtered resources of app
2019-09-17 22:04:29,041 [Worker-5: Building workspace] INFO  o.e.m.w.i.f.ResourceFilteringBuildParticipant - Executing resource filtering for app
2019-09-17 22:04:29,047 [Worker-5: Building workspace] WARN  o.e.m.c.i.embedder.EclipseLogger - Using platform encoding (Cp1252 actually) to copy filtered resources, i.e. build is platform dependent!
2019-09-17 22:04:45,461 [Worker-5: Building workspace] WARN  o.e.m.c.i.embedder.EclipseLogger - Using platform encoding (Cp1252 actually) to copy filtered resources, i.e. build is platform dependent!
2019-09-17 22:04:45,468 [Worker-5: Building workspace] INFO  o.e.m.c.i.embedder.EclipseLogger - Copying 0 resource
2019-09-17 22:04:45,472 [Worker-5: Building workspace] WARN  o.e.m.c.i.embedder.EclipseLogger - Using platform encoding (Cp1252 actually) to copy filtered resources, i.e. build is platform dependent!
2019-09-17 22:04:45,474 [Worker-5: Building workspace] INFO  o.e.m.c.i.embedder.EclipseLogger - Copying 0 resource
2019-09-17 22:05:17,392 [Worker-14: Updating Maven Project] INFO  o.e.m.c.i.p.ProjectConfigurationManager - Update started
2019-09-17 22:05:17,881 [Worker-14: Updating Maven Project] INFO  o.e.m.c.i.l.LifecycleMappingFactory - Using org.maven.ide.eclipse.wtp.WarLifecycleMapping lifecycle mapping for MavenProject: loan:app:0.0.1-SNAPSHOT @ C:\Users\Mark\eclipse-workspace\LoanApp\app\pom.xml.
2019-09-17 22:05:18,290 [Worker-14: Updating Maven Project] INFO  o.e.m.j.i.AbstractJavaProjectConfigurator - Adding source folder /app/src/main/java
2019-09-17 22:05:18,291 [Worker-14: Updating Maven Project] INFO  o.e.m.j.i.AbstractJavaProjectConfigurator - Adding resource folder /app/src/main/resources
2019-09-17 22:05:18,292 [Worker-14: Updating Maven Project] INFO  o.e.m.j.i.AbstractJavaProjectConfigurator - Adding source folder /app/src/test/java
2019-09-17 22:05:18,292 [Worker-14: Updating Maven Project] INFO  o.e.m.j.i.AbstractJavaProjectConfigurator - Adding resource folder /app/src/test/resources
2019-09-17 22:05:18,527 [Worker-14: Updating Maven Project] INFO  o.e.m.w.i.f.ResourceFilteringBuildParticipant - Cleaning filtered folder for app
2019-09-17 22:05:18,537 [Worker-14: Updating Maven Project] INFO  o.e.m.c.i.p.ProjectConfigurationManager - Update completed: 1 sec
2019-09-17 22:05:18,728 [Worker-5: Building workspace] WARN  o.e.m.c.i.embedder.EclipseLogger - Using platform encoding (Cp1252 actually) to copy filtered resources, i.e. build is platform dependent!
2019-09-17 22:05:18,730 [Worker-5: Building workspace] INFO  o.e.m.c.i.embedder.EclipseLogger - Copying 0 resource
2019-09-17 22:05:18,732 [Worker-5: Building workspace] WARN  o.e.m.c.i.embedder.EclipseLogger - Using platform encoding (Cp1252 actually) to copy filtered resources, i.e. build is platform dependent!
2019-09-17 22:05:18,733 [Worker-5: Building workspace] INFO  o.e.m.c.i.embedder.EclipseLogger - Copying 0 resource
2019-09-17 22:05:18,734 [Worker-5: Building workspace] INFO  o.e.m.w.i.f.ResourceFilteringBuildParticipant - Changed resources require a complete clean of filtered resources of app
2019-09-17 22:05:18,734 [Worker-5: Building workspace] INFO  o.e.m.w.i.f.ResourceFilteringBuildParticipant - Executing resource filtering for app
2019-09-17 22:05:18,738 [Worker-5: Building workspace] WARN  o.e.m.c.i.embedder.EclipseLogger - Using platform encoding (Cp1252 actually) to copy filtered resources, i.e. build is platform dependent!
2019-09-17 22:07:41,132 [Worker-20: Creating project "Loan"] INFO  o.e.m.c.i.l.LifecycleMappingFactory - Using org.maven.ide.eclipse.wtp.WarLifecycleMapping lifecycle mapping for MavenProject: RealBank:Loan:0.0.1-SNAPSHOT @ C:\Users\Mark\eclipse-workspace\LoanApplication\pom.xml.
2019-09-17 22:07:41,621 [Worker-20: Creating project "Loan"] INFO  o.e.m.j.i.AbstractJavaProjectConfigurator - Adding source folder /Loan/src/main/java
2019-09-17 22:07:41,622 [Worker-20: Creating project "Loan"] INFO  o.e.m.j.i.AbstractJavaProjectConfigurator - Adding resource folder /Loan/src/main/resources
2019-09-17 22:07:41,623 [Worker-20: Creating project "Loan"] INFO  o.e.m.j.i.AbstractJavaProjectConfigurator - Adding source folder /Loan/src/test/java
2019-09-17 22:07:41,623 [Worker-20: Creating project "Loan"] INFO  o.e.m.j.i.AbstractJavaProjectConfigurator - Adding resource folder /Loan/src/test/resources
2019-09-17 22:07:42,152 [Worker-14: Building workspace] WARN  o.e.m.c.i.embedder.EclipseLogger - Using platform encoding (Cp1252 actually) to copy filtered resources, i.e. build is platform dependent!
2019-09-17 22:07:42,154 [Worker-14: Building workspace] INFO  o.e.m.c.i.embedder.EclipseLogger - Copying 0 resource
2019-09-17 22:07:42,155 [Worker-14: Building workspace] WARN  o.e.m.c.i.embedder.EclipseLogger - Using platform encoding (Cp1252 actually) to copy filtered resources, i.e. build is platform dependent!
2019-09-17 22:07:42,157 [Worker-14: Building workspace] INFO  o.e.m.c.i.embedder.EclipseLogger - Copying 0 resource
2019-09-17 22:07:43,208 [Worker-4: Building workspace] WARN  o.e.m.c.i.embedder.EclipseLogger - Using platform encoding (Cp1252 actually) to copy filtered resources, i.e. build is platform dependent!
2019-09-17 22:07:43,216 [Worker-4: Building workspace] INFO  o.e.m.c.i.embedder.EclipseLogger - Copying 0 resource
2019-09-17 22:07:43,219 [Worker-4: Building workspace] WARN  o.e.m.c.i.embedder.EclipseLogger - Using platform encoding (Cp1252 actually) to copy filtered resources, i.e. build is platform dependent!
2019-09-17 22:07:43,223 [Worker-4: Building workspace] INFO  o.e.m.c.i.embedder.EclipseLogger - Copying 0 resource
2019-09-17 22:09:41,534 [Worker-21: Building workspace] INFO  o.e.m.c.i.l.LifecycleMappingFactory - Using org.maven.ide.eclipse.wtp.WarLifecycleMapping lifecycle mapping for MavenProject: loan:app:0.0.1-SNAPSHOT @ C:\Users\Mark\eclipse-workspace\LoanApp\app\pom.xml.
2019-09-17 22:09:41,632 [Worker-21: Building workspace] WARN  o.e.m.c.i.embedder.EclipseLogger - The POM for org.apache.mavin.plugins:mavin-compiler-plugin:jar:3.1 is missing, no dependency information available
2019-09-17 22:09:41,635 [Worker-21: Building workspace] WARN  o.e.m.c.i.embedder.EclipseLogger - Failed to retrieve plugin descriptor for org.apache.mavin.plugins:mavin-compiler-plugin:3.1: Plugin org.apache.mavin.plugins:mavin-compiler-plugin:3.1 or one of its dependencies could not be resolved: Failure to find org.apache.mavin.plugins:mavin-compiler-plugin:jar:3.1 in https://repo.maven.apache.org/maven2 was cached in the local repository, resolution will not be reattempted until the update interval of central has elapsed or updates are forced
2019-09-17 22:09:41,662 [Worker-21: Building workspace] WARN  o.e.m.c.i.embedder.EclipseLogger - The POM for org.apache.mavin.plugins:mavin-compiler-plugin:jar:3.1 is missing, no dependency information available
2019-09-17 22:09:41,664 [Worker-21: Building workspace] WARN  o.e.m.c.i.embedder.EclipseLogger - Failed to retrieve plugin descriptor for org.apache.mavin.plugins:mavin-compiler-plugin:3.1: Plugin org.apache.mavin.plugins:mavin-compiler-plugin:3.1 or one of its dependencies could not be resolved: Failure to find org.apache.mavin.plugins:mavin-compiler-plugin:jar:3.1 in https://repo.maven.apache.org/maven2 was cached in the local repository, resolution will not be reattempted until the update interval of central has elapsed or updates are forced
2019-09-17 22:09:42,456 [Worker-21: Building workspace] WARN  o.e.m.c.i.embedder.EclipseLogger - Using platform encoding (Cp1252 actually) to copy filtered resources, i.e. build is platform dependent!
2019-09-17 22:09:42,458 [Worker-21: Building workspace] INFO  o.e.m.c.i.embedder.EclipseLogger - Copying 0 resource
2019-09-17 22:09:42,459 [Worker-21: Building workspace] WARN  o.e.m.c.i.embedder.EclipseLogger - Using platform encoding (Cp1252 actually) to copy filtered resources, i.e. build is platform dependent!
2019-09-17 22:09:42,460 [Worker-21: Building workspace] INFO  o.e.m.c.i.embedder.EclipseLogger - Copying 0 resource
2019-09-17 22:09:42,461 [Worker-21: Building workspace] INFO  o.e.m.w.i.f.ResourceFilteringBuildParticipant - Changed resources require a complete clean of filtered resources of app
2019-09-17 22:09:42,461 [Worker-21: Building workspace] INFO  o.e.m.w.i.f.ResourceFilteringBuildParticipant - Executing resource filtering for app
2019-09-17 22:09:42,464 [Worker-21: Building workspace] WARN  o.e.m.c.i.embedder.EclipseLogger - The POM for org.apache.mavin.plugins:mavin-compiler-plugin:jar:3.1 is missing, no dependency information available
2019-09-17 22:09:42,465 [Worker-21: Building workspace] WARN  o.e.m.c.i.embedder.EclipseLogger - Failed to retrieve plugin descriptor for org.apache.mavin.plugins:mavin-compiler-plugin:3.1: Plugin org.apache.mavin.plugins:mavin-compiler-plugin:3.1 or one of its dependencies could not be resolved: Cannot access central (https://repo.maven.apache.org/maven2) in offline mode and the artifact org.apache.mavin.plugins:mavin-compiler-plugin:jar:3.1 has not been downloaded from it before.
2019-09-17 22:09:42,467 [Worker-21: Building workspace] WARN  o.e.m.c.i.embedder.EclipseLogger - The POM for org.apache.mavin.plugins:mavin-compiler-plugin:jar:3.1 is missing, no dependency information available
2019-09-17 22:09:42,468 [Worker-21: Building workspace] WARN  o.e.m.c.i.embedder.EclipseLogger - Failed to retrieve plugin descriptor for org.apache.mavin.plugins:mavin-compiler-plugin:3.1: Plugin org.apache.mavin.plugins:mavin-compiler-plugin:3.1 or one of its dependencies could not be resolved: Cannot access central (https://repo.maven.apache.org/maven2) in offline mode and the artifact org.apache.mavin.plugins:mavin-compiler-plugin:jar:3.1 has not been downloaded from it before.
2019-09-17 22:09:42,471 [Worker-21: Building workspace] WARN  o.e.m.c.i.embedder.EclipseLogger - Using platform encoding (Cp1252 actually) to copy filtered resources, i.e. build is platform dependent!
2019-09-17 22:09:52,257 [Worker-19: Updating Maven Project] INFO  o.e.m.c.i.p.ProjectConfigurationManager - Update started
2019-09-17 22:09:52,325 [Worker-19: Updating Maven Project] INFO  o.e.m.c.i.l.LifecycleMappingFactory - Using org.maven.ide.eclipse.wtp.WarLifecycleMapping lifecycle mapping for MavenProject: loan:app:0.0.1-SNAPSHOT @ C:\Users\Mark\eclipse-workspace\LoanApp\app\pom.xml.
2019-09-17 22:09:52,334 [Worker-19: Updating Maven Project] WARN  o.e.m.c.i.embedder.EclipseLogger - The POM for org.apache.mavin.plugins:mavin-compiler-plugin:jar:3.1 is missing, no dependency information available
2019-09-17 22:09:52,336 [Worker-19: Updating Maven Project] WARN  o.e.m.c.i.embedder.EclipseLogger - Failed to retrieve plugin descriptor for org.apache.mavin.plugins:mavin-compiler-plugin:3.1: Plugin org.apache.mavin.plugins:mavin-compiler-plugin:3.1 or one of its dependencies could not be resolved: Failure to find org.apache.mavin.plugins:mavin-compiler-plugin:jar:3.1 in https://repo.maven.apache.org/maven2 was cached in the local repository, resolution will not be reattempted until the update interval of central has elapsed or updates are forced
2019-09-17 22:09:52,337 [Worker-19: Updating Maven Project] WARN  o.e.m.c.i.embedder.EclipseLogger - The POM for org.apache.mavin.plugins:mavin-compiler-plugin:jar:3.1 is missing, no dependency information available
2019-09-17 22:09:52,339 [Worker-19: Updating Maven Project] WARN  o.e.m.c.i.embedder.EclipseLogger - Failed to retrieve plugin descriptor for org.apache.mavin.plugins:mavin-compiler-plugin:3.1: Plugin org.apache.mavin.plugins:mavin-compiler-plugin:3.1 or one of its dependencies could not be resolved: Failure to find org.apache.mavin.plugins:mavin-compiler-plugin:jar:3.1 in https://repo.maven.apache.org/maven2 was cached in the local repository, resolution will not be reattempted until the update interval of central has elapsed or updates are forced
2019-09-17 22:09:52,859 [Worker-19: Updating Maven Project] INFO  o.e.m.j.i.AbstractJavaProjectConfigurator - Adding source folder /app/src/main/java
2019-09-17 22:09:52,859 [Worker-19: Updating Maven Project] INFO  o.e.m.j.i.AbstractJavaProjectConfigurator - Adding resource folder /app/src/main/resources
2019-09-17 22:09:52,860 [Worker-19: Updating Maven Project] INFO  o.e.m.j.i.AbstractJavaProjectConfigurator - Adding source folder /app/src/test/java
2019-09-17 22:09:52,860 [Worker-19: Updating Maven Project] INFO  o.e.m.j.i.AbstractJavaProjectConfigurator - Adding resource folder /app/src/test/resources
2019-09-17 22:09:53,065 [Worker-19: Updating Maven Project] WARN  o.e.m.c.i.embedder.EclipseLogger - The POM for org.apache.mavin.plugins:mavin-compiler-plugin:jar:3.1 is missing, no dependency information available
2019-09-17 22:09:53,067 [Worker-19: Updating Maven Project] WARN  o.e.m.c.i.embedder.EclipseLogger - Failed to retrieve plugin descriptor for org.apache.mavin.plugins:mavin-compiler-plugin:3.1: Plugin org.apache.mavin.plugins:mavin-compiler-plugin:3.1 or one of its dependencies could not be resolved: Failure to find org.apache.mavin.plugins:mavin-compiler-plugin:jar:3.1 in https://repo.maven.apache.org/maven2 was cached in the local repository, resolution will not be reattempted until the update interval of central has elapsed or updates are forced
2019-09-17 22:09:53,069 [Worker-19: Updating Maven Project] WARN  o.e.m.c.i.embedder.EclipseLogger - The POM for org.apache.mavin.plugins:mavin-compiler-plugin:jar:3.1 is missing, no dependency information available
2019-09-17 22:09:53,071 [Worker-19: Updating Maven Project] WARN  o.e.m.c.i.embedder.EclipseLogger - Failed to retrieve plugin descriptor for org.apache.mavin.plugins:mavin-compiler-plugin:3.1: Plugin org.apache.mavin.plugins:mavin-compiler-plugin:3.1 or one of its dependencies could not be resolved: Failure to find org.apache.mavin.plugins:mavin-compiler-plugin:jar:3.1 in https://repo.maven.apache.org/maven2 was cached in the local repository, resolution will not be reattempted until the update interval of central has elapsed or updates are forced
2019-09-17 22:09:53,127 [Worker-19: Updating Maven Project] INFO  o.e.m.w.i.f.ResourceFilteringBuildParticipant - Cleaning filtered folder for app
2019-09-17 22:09:53,138 [Worker-19: Updating Maven Project] INFO  o.e.m.c.i.p.ProjectConfigurationManager - Update completed: 0 sec
2019-09-17 22:09:53,667 [Worker-21: Building Project app] WARN  o.e.m.c.i.embedder.EclipseLogger - Using platform encoding (Cp1252 actually) to copy filtered resources, i.e. build is platform dependent!
2019-09-17 22:09:53,668 [Worker-21: Building Project app] INFO  o.e.m.c.i.embedder.EclipseLogger - Copying 0 resource
2019-09-17 22:09:53,669 [Worker-21: Building Project app] WARN  o.e.m.c.i.embedder.EclipseLogger - Using platform encoding (Cp1252 actually) to copy filtered resources, i.e. build is platform dependent!
2019-09-17 22:09:53,670 [Worker-21: Building Project app] INFO  o.e.m.c.i.embedder.EclipseLogger - Copying 0 resource
2019-09-17 22:09:53,670 [Worker-21: Building Project app] INFO  o.e.m.w.i.f.ResourceFilteringBuildParticipant - Changed resources require a complete clean of filtered resources of app
2019-09-17 22:09:53,671 [Worker-21: Building Project app] INFO  o.e.m.w.i.f.ResourceFilteringBuildParticipant - Executing resource filtering for app
2019-09-17 22:09:53,672 [Worker-21: Building Project app] WARN  o.e.m.c.i.embedder.EclipseLogger - The POM for org.apache.mavin.plugins:mavin-compiler-plugin:jar:3.1 is missing, no dependency information available
2019-09-17 22:09:53,673 [Worker-21: Building Project app] WARN  o.e.m.c.i.embedder.EclipseLogger - Failed to retrieve plugin descriptor for org.apache.mavin.plugins:mavin-compiler-plugin:3.1: Plugin org.apache.mavin.plugins:mavin-compiler-plugin:3.1 or one of its dependencies could not be resolved: Cannot access central (https://repo.maven.apache.org/maven2) in offline mode and the artifact org.apache.mavin.plugins:mavin-compiler-plugin:jar:3.1 has not been downloaded from it before.
2019-09-17 22:09:53,675 [Worker-21: Building Project app] WARN  o.e.m.c.i.embedder.EclipseLogger - The POM for org.apache.mavin.plugins:mavin-compiler-plugin:jar:3.1 is missing, no dependency information available
2019-09-17 22:09:53,676 [Worker-21: Building Project app] WARN  o.e.m.c.i.embedder.EclipseLogger - Failed to retrieve plugin descriptor for org.apache.mavin.plugins:mavin-compiler-plugin:3.1: Plugin org.apache.mavin.plugins:mavin-compiler-plugin:3.1 or one of its dependencies could not be resolved: Cannot access central (https://repo.maven.apache.org/maven2) in offline mode and the artifact org.apache.mavin.plugins:mavin-compiler-plugin:jar:3.1 has not been downloaded from it before.
2019-09-17 22:09:53,679 [Worker-21: Building Project app] WARN  o.e.m.c.i.embedder.EclipseLogger - Using platform encoding (Cp1252 actually) to copy filtered resources, i.e. build is platform dependent!
2019-09-17 22:11:16,056 [Worker-20: Building workspace] WARN  o.e.m.c.i.embedder.EclipseLogger - Using platform encoding (Cp1252 actually) to copy filtered resources, i.e. build is platform dependent!
2019-09-17 22:11:16,057 [Worker-20: Building workspace] INFO  o.e.m.c.i.embedder.EclipseLogger - Copying 0 resource
2019-09-17 22:11:16,058 [Worker-20: Building workspace] WARN  o.e.m.c.i.embedder.EclipseLogger - Using platform encoding (Cp1252 actually) to copy filtered resources, i.e. build is platform dependent!
2019-09-17 22:11:16,059 [Worker-20: Building workspace] INFO  o.e.m.c.i.embedder.EclipseLogger - Copying 0 resource
2019-09-18 11:25:29,895 [Worker-3: Loading available Gradle versions] INFO  o.e.b.c.i.u.g.PublishedGradleVersions - Gradle version information cache is up-to-date. Trying to read.
2019-09-18 11:25:31,552 [Worker-10: Updating Maven Dependencies] INFO  o.e.m.c.i.l.LifecycleMappingFactory - Using org.maven.ide.eclipse.wtp.WarLifecycleMapping lifecycle mapping for MavenProject: loan:app:0.0.1-SNAPSHOT @ C:\Users\Mark\eclipse-workspace\LoanApp\app\pom.xml.
2019-09-18 11:25:31,620 [Worker-10: Updating Maven Dependencies] WARN  o.e.m.c.i.embedder.EclipseLogger - The POM for org.apache.mavin.plugins:mavin-compiler-plugin:jar:3.1 is missing, no dependency information available
2019-09-18 11:25:31,623 [Worker-10: Updating Maven Dependencies] WARN  o.e.m.c.i.embedder.EclipseLogger - Failed to retrieve plugin descriptor for org.apache.mavin.plugins:mavin-compiler-plugin:3.1: Plugin org.apache.mavin.plugins:mavin-compiler-plugin:3.1 or one of its dependencies could not be resolved: Failure to find org.apache.mavin.plugins:mavin-compiler-plugin:jar:3.1 in https://repo.maven.apache.org/maven2 was cached in the local repository, resolution will not be reattempted until the update interval of central has elapsed or updates are forced
2019-09-18 11:25:31,670 [Worker-10: Updating Maven Dependencies] WARN  o.e.m.c.i.embedder.EclipseLogger - The POM for org.apache.mavin.plugins:mavin-compiler-plugin:jar:3.1 is missing, no dependency information available
2019-09-18 11:25:31,673 [Worker-10: Updating Maven Dependencies] WARN  o.e.m.c.i.embedder.EclipseLogger - Failed to retrieve plugin descriptor for org.apache.mavin.plugins:mavin-compiler-plugin:3.1: Plugin org.apache.mavin.plugins:mavin-compiler-plugin:3.1 or one of its dependencies could not be resolved: Failure to find org.apache.mavin.plugins:mavin-compiler-plugin:jar:3.1 in https://repo.maven.apache.org/maven2 was cached in the local repository, resolution will not be reattempted until the update interval of central has elapsed or updates are forced
2019-09-18 11:25:34,959 [Worker-10: Building workspace] WARN  o.e.m.c.i.embedder.EclipseLogger - Using platform encoding (Cp1252 actually) to copy filtered resources, i.e. build is platform dependent!
2019-09-18 11:25:34,977 [Worker-10: Building workspace] INFO  o.e.m.c.i.embedder.EclipseLogger - Copying 0 resource
2019-09-18 11:25:34,981 [Worker-10: Building workspace] WARN  o.e.m.c.i.embedder.EclipseLogger - Using platform encoding (Cp1252 actually) to copy filtered resources, i.e. build is platform dependent!
2019-09-18 11:25:34,984 [Worker-10: Building workspace] INFO  o.e.m.c.i.embedder.EclipseLogger - Copying 0 resource
2019-09-18 13:18:43,628 [Worker-30: Updating Maven Project] INFO  o.e.m.c.i.p.ProjectConfigurationManager - Update started
2019-09-18 13:18:44,246 [Worker-30: Updating Maven Project] INFO  o.e.m.c.i.l.LifecycleMappingFactory - Using org.maven.ide.eclipse.wtp.WarLifecycleMapping lifecycle mapping for MavenProject: loan:app:0.0.1-SNAPSHOT @ C:\Users\Mark\eclipse-workspace\LoanApp\app\pom.xml.
2019-09-18 13:18:44,254 [Worker-30: Updating Maven Project] WARN  o.e.m.c.i.embedder.EclipseLogger - The POM for org.apache.mavin.plugins:mavin-compiler-plugin:jar:3.1 is missing, no dependency information available
2019-09-18 13:18:44,256 [Worker-30: Updating Maven Project] WARN  o.e.m.c.i.embedder.EclipseLogger - Failed to retrieve plugin descriptor for org.apache.mavin.plugins:mavin-compiler-plugin:3.1: Plugin org.apache.mavin.plugins:mavin-compiler-plugin:3.1 or one of its dependencies could not be resolved: Failure to find org.apache.mavin.plugins:mavin-compiler-plugin:jar:3.1 in https://repo.maven.apache.org/maven2 was cached in the local repository, resolution will not be reattempted until the update interval of central has elapsed or updates are forced
2019-09-18 13:18:44,258 [Worker-30: Updating Maven Project] WARN  o.e.m.c.i.embedder.EclipseLogger - The POM for org.apache.mavin.plugins:mavin-compiler-plugin:jar:3.1 is missing, no dependency information available
2019-09-18 13:18:44,259 [Worker-30: Updating Maven Project] WARN  o.e.m.c.i.embedder.EclipseLogger - Failed to retrieve plugin descriptor for org.apache.mavin.plugins:mavin-compiler-plugin:3.1: Plugin org.apache.mavin.plugins:mavin-compiler-plugin:3.1 or one of its dependencies could not be resolved: Failure to find org.apache.mavin.plugins:mavin-compiler-plugin:jar:3.1 in https://repo.maven.apache.org/maven2 was cached in the local repository, resolution will not be reattempted until the update interval of central has elapsed or updates are forced
2019-09-18 13:18:44,924 [Worker-30: Updating Maven Project] INFO  o.e.m.j.i.AbstractJavaProjectConfigurator - Adding source folder /app/src/main/java
2019-09-18 13:18:44,924 [Worker-30: Updating Maven Project] INFO  o.e.m.j.i.AbstractJavaProjectConfigurator - Adding resource folder /app/src/main/resources
2019-09-18 13:18:44,925 [Worker-30: Updating Maven Project] INFO  o.e.m.j.i.AbstractJavaProjectConfigurator - Adding source folder /app/src/test/java
2019-09-18 13:18:44,925 [Worker-30: Updating Maven Project] INFO  o.e.m.j.i.AbstractJavaProjectConfigurator - Adding resource folder /app/src/test/resources
2019-09-18 13:18:45,238 [Worker-30: Updating Maven Project] WARN  o.e.m.c.i.embedder.EclipseLogger - The POM for org.apache.mavin.plugins:mavin-compiler-plugin:jar:3.1 is missing, no dependency information available
2019-09-18 13:18:45,241 [Worker-30: Updating Maven Project] WARN  o.e.m.c.i.embedder.EclipseLogger - Failed to retrieve plugin descriptor for org.apache.mavin.plugins:mavin-compiler-plugin:3.1: Plugin org.apache.mavin.plugins:mavin-compiler-plugin:3.1 or one of its dependencies could not be resolved: Failure to find org.apache.mavin.plugins:mavin-compiler-plugin:jar:3.1 in https://repo.maven.apache.org/maven2 was cached in the local repository, resolution will not be reattempted until the update interval of central has elapsed or updates are forced
2019-09-18 13:18:45,242 [Worker-30: Updating Maven Project] WARN  o.e.m.c.i.embedder.EclipseLogger - The POM for org.apache.mavin.plugins:mavin-compiler-plugin:jar:3.1 is missing, no dependency information available
2019-09-18 13:18:45,244 [Worker-30: Updating Maven Project] WARN  o.e.m.c.i.embedder.EclipseLogger - Failed to retrieve plugin descriptor for org.apache.mavin.plugins:mavin-compiler-plugin:3.1: Plugin org.apache.mavin.plugins:mavin-compiler-plugin:3.1 or one of its dependencies could not be resolved: Failure to find org.apache.mavin.plugins:mavin-compiler-plugin:jar:3.1 in https://repo.maven.apache.org/maven2 was cached in the local repository, resolution will not be reattempted until the update interval of central has elapsed or updates are forced
2019-09-18 13:18:45,343 [Worker-30: Updating Maven Project] INFO  o.e.m.w.i.f.ResourceFilteringBuildParticipant - Cleaning filtered folder for app
2019-09-18 13:18:45,379 [Worker-30: Updating Maven Project] INFO  o.e.m.c.i.p.ProjectConfigurationManager - Update completed: 1 sec
2019-09-18 13:18:45,533 [Worker-31: Building workspace] WARN  o.e.m.c.i.embedder.EclipseLogger - Using platform encoding (Cp1252 actually) to copy filtered resources, i.e. build is platform dependent!
2019-09-18 13:18:45,535 [Worker-31: Building workspace] INFO  o.e.m.c.i.embedder.EclipseLogger - Copying 0 resource
2019-09-18 13:18:45,537 [Worker-31: Building workspace] WARN  o.e.m.c.i.embedder.EclipseLogger - Using platform encoding (Cp1252 actually) to copy filtered resources, i.e. build is platform dependent!
2019-09-18 13:18:45,538 [Worker-31: Building workspace] INFO  o.e.m.c.i.embedder.EclipseLogger - Copying 0 resource
2019-09-18 13:18:45,538 [Worker-31: Building workspace] INFO  o.e.m.w.i.f.ResourceFilteringBuildParticipant - Changed resources require a complete clean of filtered resources of app
2019-09-18 13:18:45,539 [Worker-31: Building workspace] INFO  o.e.m.w.i.f.ResourceFilteringBuildParticipant - Executing resource filtering for app
2019-09-18 13:18:45,541 [Worker-31: Building workspace] WARN  o.e.m.c.i.embedder.EclipseLogger - The POM for org.apache.mavin.plugins:mavin-compiler-plugin:jar:3.1 is missing, no dependency information available
2019-09-18 13:18:45,542 [Worker-31: Building workspace] WARN  o.e.m.c.i.embedder.EclipseLogger - Failed to retrieve plugin descriptor for org.apache.mavin.plugins:mavin-compiler-plugin:3.1: Plugin org.apache.mavin.plugins:mavin-compiler-plugin:3.1 or one of its dependencies could not be resolved: Cannot access central (https://repo.maven.apache.org/maven2) in offline mode and the artifact org.apache.mavin.plugins:mavin-compiler-plugin:jar:3.1 has not been downloaded from it before.
2019-09-18 13:18:45,595 [Worker-31: Building workspace] WARN  o.e.m.c.i.embedder.EclipseLogger - The POM for org.apache.mavin.plugins:mavin-compiler-plugin:jar:3.1 is missing, no dependency information available
2019-09-18 13:18:45,596 [Worker-31: Building workspace] WARN  o.e.m.c.i.embedder.EclipseLogger - Failed to retrieve plugin descriptor for org.apache.mavin.plugins:mavin-compiler-plugin:3.1: Plugin org.apache.mavin.plugins:mavin-compiler-plugin:3.1 or one of its dependencies could not be resolved: Cannot access central (https://repo.maven.apache.org/maven2) in offline mode and the artifact org.apache.mavin.plugins:mavin-compiler-plugin:jar:3.1 has not been downloaded from it before.
2019-09-18 13:18:45,601 [Worker-31: Building workspace] WARN  o.e.m.c.i.embedder.EclipseLogger - Using platform encoding (Cp1252 actually) to copy filtered resources, i.e. build is platform dependent!
2019-09-18 13:19:18,502 [Worker-32: Building workspace] INFO  o.e.m.c.i.l.LifecycleMappingFactory - Using org.maven.ide.eclipse.wtp.WarLifecycleMapping lifecycle mapping for MavenProject: loanApp:Loan:0.0.1-SNAPSHOT @ C:\Users\Mark\eclipse-workspace\LoanApp\Loan\pom.xml.
2019-09-18 13:19:18,512 [Worker-32: Building workspace] WARN  o.e.m.c.i.embedder.EclipseLogger - The POM for org.apache.mavin.plugins:mavin-compiler-plugin:jar:3.1 is missing, no dependency information available
2019-09-18 13:19:18,515 [Worker-32: Building workspace] WARN  o.e.m.c.i.embedder.EclipseLogger - Failed to retrieve plugin descriptor for org.apache.mavin.plugins:mavin-compiler-plugin:3.1: Plugin org.apache.mavin.plugins:mavin-compiler-plugin:3.1 or one of its dependencies could not be resolved: Failure to find org.apache.mavin.plugins:mavin-compiler-plugin:jar:3.1 in https://repo.maven.apache.org/maven2 was cached in the local repository, resolution will not be reattempted until the update interval of central has elapsed or updates are forced
2019-09-18 13:19:18,517 [Worker-32: Building workspace] WARN  o.e.m.c.i.embedder.EclipseLogger - The POM for org.apache.mavin.plugins:mavin-compiler-plugin:jar:3.1 is missing, no dependency information available
2019-09-18 13:19:18,519 [Worker-32: Building workspace] WARN  o.e.m.c.i.embedder.EclipseLogger - Failed to retrieve plugin descriptor for org.apache.mavin.plugins:mavin-compiler-plugin:3.1: Plugin org.apache.mavin.plugins:mavin-compiler-plugin:3.1 or one of its dependencies could not be resolved: Failure to find org.apache.mavin.plugins:mavin-compiler-plugin:jar:3.1 in https://repo.maven.apache.org/maven2 was cached in the local repository, resolution will not be reattempted until the update interval of central has elapsed or updates are forced
2019-09-18 13:19:18,741 [Worker-32: Building workspace] WARN  o.e.m.c.i.embedder.EclipseLogger - Using platform encoding (Cp1252 actually) to copy filtered resources, i.e. build is platform dependent!
2019-09-18 13:19:18,743 [Worker-32: Building workspace] INFO  o.e.m.c.i.embedder.EclipseLogger - Copying 0 resource
2019-09-18 13:19:18,744 [Worker-32: Building workspace] WARN  o.e.m.c.i.embedder.EclipseLogger - Using platform encoding (Cp1252 actually) to copy filtered resources, i.e. build is platform dependent!
2019-09-18 13:19:18,746 [Worker-32: Building workspace] INFO  o.e.m.c.i.embedder.EclipseLogger - Copying 0 resource
2019-09-18 13:21:22,726 [Worker-32: Building workspace] WARN  o.e.m.c.i.embedder.EclipseLogger - Using platform encoding (Cp1252 actually) to copy filtered resources, i.e. build is platform dependent!
2019-09-18 13:21:22,729 [Worker-32: Building workspace] INFO  o.e.m.c.i.embedder.EclipseLogger - Copying 0 resource
2019-09-18 13:21:22,731 [Worker-32: Building workspace] WARN  o.e.m.c.i.embedder.EclipseLogger - Using platform encoding (Cp1252 actually) to copy filtered resources, i.e. build is platform dependent!
2019-09-18 13:21:22,733 [Worker-32: Building workspace] INFO  o.e.m.c.i.embedder.EclipseLogger - Copying 0 resource
2019-09-18 13:21:40,154 [Worker-28: Building workspace] WARN  o.e.m.c.i.embedder.EclipseLogger - Using platform encoding (Cp1252 actually) to copy filtered resources, i.e. build is platform dependent!
2019-09-18 13:21:40,156 [Worker-28: Building workspace] INFO  o.e.m.c.i.embedder.EclipseLogger - Copying 0 resource
2019-09-18 13:21:40,157 [Worker-28: Building workspace] WARN  o.e.m.c.i.embedder.EclipseLogger - Using platform encoding (Cp1252 actually) to copy filtered resources, i.e. build is platform dependent!
2019-09-18 13:21:40,159 [Worker-28: Building workspace] INFO  o.e.m.c.i.embedder.EclipseLogger - Copying 0 resource
2019-09-18 13:22:26,858 [Worker-25: Building workspace] WARN  o.e.m.c.i.embedder.EclipseLogger - Using platform encoding (Cp1252 actually) to copy filtered resources, i.e. build is platform dependent!
2019-09-18 13:22:26,860 [Worker-25: Building workspace] INFO  o.e.m.c.i.embedder.EclipseLogger - Copying 0 resource
2019-09-18 13:22:26,862 [Worker-25: Building workspace] WARN  o.e.m.c.i.embedder.EclipseLogger - Using platform encoding (Cp1252 actually) to copy filtered resources, i.e. build is platform dependent!
2019-09-18 13:22:26,865 [Worker-25: Building workspace] INFO  o.e.m.c.i.embedder.EclipseLogger - Copying 0 resource
2019-09-18 13:22:59,964 [Worker-28: Building workspace] WARN  o.e.m.c.i.embedder.EclipseLogger - Using platform encoding (Cp1252 actually) to copy filtered resources, i.e. build is platform dependent!
2019-09-18 13:22:59,965 [Worker-28: Building workspace] INFO  o.e.m.c.i.embedder.EclipseLogger - Copying 0 resource
2019-09-18 13:22:59,967 [Worker-28: Building workspace] WARN  o.e.m.c.i.embedder.EclipseLogger - Using platform encoding (Cp1252 actually) to copy filtered resources, i.e. build is platform dependent!
2019-09-18 13:22:59,969 [Worker-28: Building workspace] INFO  o.e.m.c.i.embedder.EclipseLogger - Copying 0 resource
2019-09-18 13:23:19,848 [Worker-28: Building workspace] WARN  o.e.m.c.i.embedder.EclipseLogger - Using platform encoding (Cp1252 actually) to copy filtered resources, i.e. build is platform dependent!
2019-09-18 13:23:19,849 [Worker-28: Building workspace] INFO  o.e.m.c.i.embedder.EclipseLogger - Copying 0 resource
2019-09-18 13:23:19,851 [Worker-28: Building workspace] WARN  o.e.m.c.i.embedder.EclipseLogger - Using platform encoding (Cp1252 actually) to copy filtered resources, i.e. build is platform dependent!
2019-09-18 13:23:19,852 [Worker-28: Building workspace] INFO  o.e.m.c.i.embedder.EclipseLogger - Copying 0 resource
2019-09-18 15:09:31,958 [Worker-37: Building workspace] WARN  o.e.m.c.i.embedder.EclipseLogger - Using platform encoding (Cp1252 actually) to copy filtered resources, i.e. build is platform dependent!
2019-09-18 15:09:31,958 [Worker-37: Building workspace] INFO  o.e.m.c.i.embedder.EclipseLogger - Copying 0 resource
2019-09-18 15:09:31,962 [Worker-37: Building workspace] WARN  o.e.m.c.i.embedder.EclipseLogger - Using platform encoding (Cp1252 actually) to copy filtered resources, i.e. build is platform dependent!
2019-09-18 15:09:31,962 [Worker-37: Building workspace] INFO  o.e.m.c.i.embedder.EclipseLogger - Copying 0 resource
2019-09-18 15:09:42,145 [Worker-36: Building workspace] WARN  o.e.m.c.i.embedder.EclipseLogger - Using platform encoding (Cp1252 actually) to copy filtered resources, i.e. build is platform dependent!
2019-09-18 15:09:42,145 [Worker-36: Building workspace] INFO  o.e.m.c.i.embedder.EclipseLogger - Copying 0 resource
2019-09-18 15:09:42,145 [Worker-36: Building workspace] WARN  o.e.m.c.i.embedder.EclipseLogger - Using platform encoding (Cp1252 actually) to copy filtered resources, i.e. build is platform dependent!
2019-09-18 15:09:42,149 [Worker-36: Building workspace] INFO  o.e.m.c.i.embedder.EclipseLogger - Copying 0 resource
2019-09-18 15:12:33,917 [Worker-30: Building workspace] WARN  o.e.m.c.i.embedder.EclipseLogger - Using platform encoding (Cp1252 actually) to copy filtered resources, i.e. build is platform dependent!
2019-09-18 15:12:33,919 [Worker-30: Building workspace] INFO  o.e.m.c.i.embedder.EclipseLogger - Copying 0 resource
2019-09-18 15:12:33,921 [Worker-30: Building workspace] WARN  o.e.m.c.i.embedder.EclipseLogger - Using platform encoding (Cp1252 actually) to copy filtered resources, i.e. build is platform dependent!
2019-09-18 15:12:33,923 [Worker-30: Building workspace] INFO  o.e.m.c.i.embedder.EclipseLogger - Copying 0 resource
2019-09-18 15:12:41,279 [Worker-30: Updating Maven Project] INFO  o.e.m.c.i.p.ProjectConfigurationManager - Update started
2019-09-18 15:12:41,743 [Worker-30: Updating Maven Project] INFO  o.e.m.c.i.l.LifecycleMappingFactory - Using org.maven.ide.eclipse.wtp.WarLifecycleMapping lifecycle mapping for MavenProject: loanApp:Loan:0.0.1-SNAPSHOT @ C:\Users\Mark\eclipse-workspace\LoanApp\Loan\pom.xml.
2019-09-18 15:12:41,750 [Worker-30: Updating Maven Project] WARN  o.e.m.c.i.embedder.EclipseLogger - The POM for org.apache.mavin.plugins:mavin-compiler-plugin:jar:3.1 is missing, no dependency information available
2019-09-18 15:12:41,750 [Worker-30: Updating Maven Project] WARN  o.e.m.c.i.embedder.EclipseLogger - Failed to retrieve plugin descriptor for org.apache.mavin.plugins:mavin-compiler-plugin:3.1: Plugin org.apache.mavin.plugins:mavin-compiler-plugin:3.1 or one of its dependencies could not be resolved: Failure to find org.apache.mavin.plugins:mavin-compiler-plugin:jar:3.1 in https://repo.maven.apache.org/maven2 was cached in the local repository, resolution will not be reattempted until the update interval of central has elapsed or updates are forced
2019-09-18 15:12:41,754 [Worker-30: Updating Maven Project] WARN  o.e.m.c.i.embedder.EclipseLogger - The POM for org.apache.mavin.plugins:mavin-compiler-plugin:jar:3.1 is missing, no dependency information available
2019-09-18 15:12:41,755 [Worker-30: Updating Maven Project] WARN  o.e.m.c.i.embedder.EclipseLogger - Failed to retrieve plugin descriptor for org.apache.mavin.plugins:mavin-compiler-plugin:3.1: Plugin org.apache.mavin.plugins:mavin-compiler-plugin:3.1 or one of its dependencies could not be resolved: Failure to find org.apache.mavin.plugins:mavin-compiler-plugin:jar:3.1 in https://repo.maven.apache.org/maven2 was cached in the local repository, resolution will not be reattempted until the update interval of central has elapsed or updates are forced
2019-09-18 15:12:42,416 [Worker-30: Updating Maven Project] INFO  o.e.m.j.i.AbstractJavaProjectConfigurator - Adding source folder /Loan/src/main/java
2019-09-18 15:12:42,417 [Worker-30: Updating Maven Project] INFO  o.e.m.j.i.AbstractJavaProjectConfigurator - Adding resource folder /Loan/src/main/resources
2019-09-18 15:12:42,417 [Worker-30: Updating Maven Project] INFO  o.e.m.j.i.AbstractJavaProjectConfigurator - Adding source folder /Loan/src/test/java
2019-09-18 15:12:42,417 [Worker-30: Updating Maven Project] INFO  o.e.m.j.i.AbstractJavaProjectConfigurator - Adding resource folder /Loan/src/test/resources
2019-09-18 15:12:42,838 [Worker-30: Updating Maven Project] WARN  o.e.m.c.i.embedder.EclipseLogger - The POM for org.apache.mavin.plugins:mavin-compiler-plugin:jar:3.1 is missing, no dependency information available
2019-09-18 15:12:42,842 [Worker-30: Updating Maven Project] WARN  o.e.m.c.i.embedder.EclipseLogger - Failed to retrieve plugin descriptor for org.apache.mavin.plugins:mavin-compiler-plugin:3.1: Plugin org.apache.mavin.plugins:mavin-compiler-plugin:3.1 or one of its dependencies could not be resolved: Failure to find org.apache.mavin.plugins:mavin-compiler-plugin:jar:3.1 in https://repo.maven.apache.org/maven2 was cached in the local repository, resolution will not be reattempted until the update interval of central has elapsed or updates are forced
2019-09-18 15:12:42,844 [Worker-30: Updating Maven Project] WARN  o.e.m.c.i.embedder.EclipseLogger - The POM for org.apache.mavin.plugins:mavin-compiler-plugin:jar:3.1 is missing, no dependency information available
2019-09-18 15:12:42,846 [Worker-30: Updating Maven Project] WARN  o.e.m.c.i.embedder.EclipseLogger - Failed to retrieve plugin descriptor for org.apache.mavin.plugins:mavin-compiler-plugin:3.1: Plugin org.apache.mavin.plugins:mavin-compiler-plugin:3.1 or one of its dependencies could not be resolved: Failure to find org.apache.mavin.plugins:mavin-compiler-plugin:jar:3.1 in https://repo.maven.apache.org/maven2 was cached in the local repository, resolution will not be reattempted until the update interval of central has elapsed or updates are forced
2019-09-18 15:12:42,950 [Worker-30: Updating Maven Project] INFO  o.e.m.w.i.f.ResourceFilteringBuildParticipant - Cleaning filtered folder for Loan
2019-09-18 15:12:42,960 [Worker-30: Updating Maven Project] INFO  o.e.m.c.i.p.ProjectConfigurationManager - Update completed: 1 sec
2019-09-18 15:12:43,193 [Worker-30: Building workspace] WARN  o.e.m.c.i.embedder.EclipseLogger - Using platform encoding (Cp1252 actually) to copy filtered resources, i.e. build is platform dependent!
2019-09-18 15:12:43,195 [Worker-30: Building workspace] INFO  o.e.m.c.i.embedder.EclipseLogger - Copying 0 resource
2019-09-18 15:12:43,198 [Worker-30: Building workspace] WARN  o.e.m.c.i.embedder.EclipseLogger - Using platform encoding (Cp1252 actually) to copy filtered resources, i.e. build is platform dependent!
2019-09-18 15:12:43,200 [Worker-30: Building workspace] INFO  o.e.m.c.i.embedder.EclipseLogger - Copying 0 resource
2019-09-18 15:12:43,200 [Worker-30: Building workspace] INFO  o.e.m.w.i.f.ResourceFilteringBuildParticipant - Changed resources require a complete clean of filtered resources of Loan
2019-09-18 15:12:43,200 [Worker-30: Building workspace] INFO  o.e.m.w.i.f.ResourceFilteringBuildParticipant - Executing resource filtering for Loan
2019-09-18 15:12:43,204 [Worker-30: Building workspace] WARN  o.e.m.c.i.embedder.EclipseLogger - The POM for org.apache.mavin.plugins:mavin-compiler-plugin:jar:3.1 is missing, no dependency information available
2019-09-18 15:12:43,206 [Worker-30: Building workspace] WARN  o.e.m.c.i.embedder.EclipseLogger - Failed to retrieve plugin descriptor for org.apache.mavin.plugins:mavin-compiler-plugin:3.1: Plugin org.apache.mavin.plugins:mavin-compiler-plugin:3.1 or one of its dependencies could not be resolved: Cannot access central (https://repo.maven.apache.org/maven2) in offline mode and the artifact org.apache.mavin.plugins:mavin-compiler-plugin:jar:3.1 has not been downloaded from it before.
2019-09-18 15:12:43,209 [Worker-30: Building workspace] WARN  o.e.m.c.i.embedder.EclipseLogger - The POM for org.apache.mavin.plugins:mavin-compiler-plugin:jar:3.1 is missing, no dependency information available
2019-09-18 15:12:43,211 [Worker-30: Building workspace] WARN  o.e.m.c.i.embedder.EclipseLogger - Failed to retrieve plugin descriptor for org.apache.mavin.plugins:mavin-compiler-plugin:3.1: Plugin org.apache.mavin.plugins:mavin-compiler-plugin:3.1 or one of its dependencies could not be resolved: Cannot access central (https://repo.maven.apache.org/maven2) in offline mode and the artifact org.apache.mavin.plugins:mavin-compiler-plugin:jar:3.1 has not been downloaded from it before.
2019-09-18 15:12:43,213 [Worker-30: Building workspace] WARN  o.e.m.c.i.embedder.EclipseLogger - Using platform encoding (Cp1252 actually) to copy filtered resources, i.e. build is platform dependent!
2019-09-18 15:14:05,857 [Worker-28: Updating Maven Project] INFO  o.e.m.c.i.p.ProjectConfigurationManager - Update started
2019-09-18 15:14:06,369 [Worker-28: Updating Maven Project] INFO  o.e.m.c.i.l.LifecycleMappingFactory - Using org.maven.ide.eclipse.wtp.WarLifecycleMapping lifecycle mapping for MavenProject: loanApp:Loan:0.0.1-SNAPSHOT @ C:\Users\Mark\eclipse-workspace\LoanApp\Loan\pom.xml.
2019-09-18 15:14:06,376 [Worker-28: Updating Maven Project] WARN  o.e.m.c.i.embedder.EclipseLogger - The POM for org.apache.mavin.plugins:mavin-compiler-plugin:jar:3.1 is missing, no dependency information available
2019-09-18 15:14:06,380 [Worker-28: Updating Maven Project] WARN  o.e.m.c.i.embedder.EclipseLogger - Failed to retrieve plugin descriptor for org.apache.mavin.plugins:mavin-compiler-plugin:3.1: Plugin org.apache.mavin.plugins:mavin-compiler-plugin:3.1 or one of its dependencies could not be resolved: Failure to find org.apache.mavin.plugins:mavin-compiler-plugin:jar:3.1 in https://repo.maven.apache.org/maven2 was cached in the local repository, resolution will not be reattempted until the update interval of central has elapsed or updates are forced
2019-09-18 15:14:06,383 [Worker-28: Updating Maven Project] WARN  o.e.m.c.i.embedder.EclipseLogger - The POM for org.apache.mavin.plugins:mavin-compiler-plugin:jar:3.1 is missing, no dependency information available
2019-09-18 15:14:06,383 [Worker-28: Updating Maven Project] WARN  o.e.m.c.i.embedder.EclipseLogger - Failed to retrieve plugin descriptor for org.apache.mavin.plugins:mavin-compiler-plugin:3.1: Plugin org.apache.mavin.plugins:mavin-compiler-plugin:3.1 or one of its dependencies could not be resolved: Failure to find org.apache.mavin.plugins:mavin-compiler-plugin:jar:3.1 in https://repo.maven.apache.org/maven2 was cached in the local repository, resolution will not be reattempted until the update interval of central has elapsed or updates are forced
2019-09-18 15:14:07,073 [Worker-28: Updating Maven Project] INFO  o.e.m.j.i.AbstractJavaProjectConfigurator - Adding source folder /Loan/src/main/java
2019-09-18 15:14:07,073 [Worker-28: Updating Maven Project] INFO  o.e.m.j.i.AbstractJavaProjectConfigurator - Adding resource folder /Loan/src/main/resources
2019-09-18 15:14:07,073 [Worker-28: Updating Maven Project] INFO  o.e.m.j.i.AbstractJavaProjectConfigurator - Adding source folder /Loan/src/test/java
2019-09-18 15:14:07,073 [Worker-28: Updating Maven Project] INFO  o.e.m.j.i.AbstractJavaProjectConfigurator - Adding resource folder /Loan/src/test/resources
2019-09-18 15:14:07,152 [Worker-28: Updating Maven Project] WARN  o.e.m.c.i.embedder.EclipseLogger - The POM for org.apache.mavin.plugins:mavin-compiler-plugin:jar:3.1 is missing, no dependency information available
2019-09-18 15:14:07,155 [Worker-28: Updating Maven Project] WARN  o.e.m.c.i.embedder.EclipseLogger - Failed to retrieve plugin descriptor for org.apache.mavin.plugins:mavin-compiler-plugin:3.1: Plugin org.apache.mavin.plugins:mavin-compiler-plugin:3.1 or one of its dependencies could not be resolved: Failure to find org.apache.mavin.plugins:mavin-compiler-plugin:jar:3.1 in https://repo.maven.apache.org/maven2 was cached in the local repository, resolution will not be reattempted until the update interval of central has elapsed or updates are forced
2019-09-18 15:14:07,158 [Worker-28: Updating Maven Project] WARN  o.e.m.c.i.embedder.EclipseLogger - The POM for org.apache.mavin.plugins:mavin-compiler-plugin:jar:3.1 is missing, no dependency information available
2019-09-18 15:14:07,158 [Worker-28: Updating Maven Project] WARN  o.e.m.c.i.embedder.EclipseLogger - Failed to retrieve plugin descriptor for org.apache.mavin.plugins:mavin-compiler-plugin:3.1: Plugin org.apache.mavin.plugins:mavin-compiler-plugin:3.1 or one of its dependencies could not be resolved: Failure to find org.apache.mavin.plugins:mavin-compiler-plugin:jar:3.1 in https://repo.maven.apache.org/maven2 was cached in the local repository, resolution will not be reattempted until the update interval of central has elapsed or updates are forced
2019-09-18 15:14:07,213 [Worker-28: Updating Maven Project] INFO  o.e.m.w.i.f.ResourceFilteringBuildParticipant - Cleaning filtered folder for Loan
2019-09-18 15:14:07,229 [Worker-28: Updating Maven Project] INFO  o.e.m.c.i.p.ProjectConfigurationManager - Update completed: 1 sec
2019-09-18 15:14:07,390 [Worker-36: Building workspace] WARN  o.e.m.c.i.embedder.EclipseLogger - Using platform encoding (Cp1252 actually) to copy filtered resources, i.e. build is platform dependent!
2019-09-18 15:14:07,390 [Worker-36: Building workspace] INFO  o.e.m.c.i.embedder.EclipseLogger - Copying 0 resource
2019-09-18 15:14:07,394 [Worker-36: Building workspace] WARN  o.e.m.c.i.embedder.EclipseLogger - Using platform encoding (Cp1252 actually) to copy filtered resources, i.e. build is platform dependent!
2019-09-18 15:14:07,396 [Worker-36: Building workspace] INFO  o.e.m.c.i.embedder.EclipseLogger - Copying 0 resource
2019-09-18 15:14:07,396 [Worker-36: Building workspace] INFO  o.e.m.w.i.f.ResourceFilteringBuildParticipant - Changed resources require a complete clean of filtered resources of Loan
2019-09-18 15:14:07,397 [Worker-36: Building workspace] INFO  o.e.m.w.i.f.ResourceFilteringBuildParticipant - Executing resource filtering for Loan
2019-09-18 15:14:07,399 [Worker-36: Building workspace] WARN  o.e.m.c.i.embedder.EclipseLogger - The POM for org.apache.mavin.plugins:mavin-compiler-plugin:jar:3.1 is missing, no dependency information available
2019-09-18 15:14:07,401 [Worker-36: Building workspace] WARN  o.e.m.c.i.embedder.EclipseLogger - Failed to retrieve plugin descriptor for org.apache.mavin.plugins:mavin-compiler-plugin:3.1: Plugin org.apache.mavin.plugins:mavin-compiler-plugin:3.1 or one of its dependencies could not be resolved: Cannot access central (https://repo.maven.apache.org/maven2) in offline mode and the artifact org.apache.mavin.plugins:mavin-compiler-plugin:jar:3.1 has not been downloaded from it before.
2019-09-18 15:14:07,403 [Worker-36: Building workspace] WARN  o.e.m.c.i.embedder.EclipseLogger - The POM for org.apache.mavin.plugins:mavin-compiler-plugin:jar:3.1 is missing, no dependency information available
2019-09-18 15:14:07,404 [Worker-36: Building workspace] WARN  o.e.m.c.i.embedder.EclipseLogger - Failed to retrieve plugin descriptor for org.apache.mavin.plugins:mavin-compiler-plugin:3.1: Plugin org.apache.mavin.plugins:mavin-compiler-plugin:3.1 or one of its dependencies could not be resolved: Cannot access central (https://repo.maven.apache.org/maven2) in offline mode and the artifact org.apache.mavin.plugins:mavin-compiler-plugin:jar:3.1 has not been downloaded from it before.
2019-09-18 15:14:07,408 [Worker-36: Building workspace] WARN  o.e.m.c.i.embedder.EclipseLogger - Using platform encoding (Cp1252 actually) to copy filtered resources, i.e. build is platform dependent!
2019-09-18 15:54:50,270 [Worker-40: Updating Maven Project] INFO  o.e.m.c.i.p.ProjectConfigurationManager - Update started
2019-09-18 15:54:50,753 [Worker-40: Updating Maven Project] INFO  o.e.m.c.i.l.LifecycleMappingFactory - Using org.maven.ide.eclipse.wtp.WarLifecycleMapping lifecycle mapping for MavenProject: loanApp:Loan:0.0.1-SNAPSHOT @ C:\Users\Mark\eclipse-workspace\LoanApp\Loan\pom.xml.
2019-09-18 15:54:50,760 [Worker-40: Updating Maven Project] WARN  o.e.m.c.i.embedder.EclipseLogger - The POM for org.apache.mavin.plugins:mavin-compiler-plugin:jar:3.1 is missing, no dependency information available
2019-09-18 15:54:50,760 [Worker-40: Updating Maven Project] WARN  o.e.m.c.i.embedder.EclipseLogger - Failed to retrieve plugin descriptor for org.apache.mavin.plugins:mavin-compiler-plugin:3.1: Plugin org.apache.mavin.plugins:mavin-compiler-plugin:3.1 or one of its dependencies could not be resolved: Failure to find org.apache.mavin.plugins:mavin-compiler-plugin:jar:3.1 in https://repo.maven.apache.org/maven2 was cached in the local repository, resolution will not be reattempted until the update interval of central has elapsed or updates are forced
2019-09-18 15:54:50,764 [Worker-40: Updating Maven Project] WARN  o.e.m.c.i.embedder.EclipseLogger - The POM for org.apache.mavin.plugins:mavin-compiler-plugin:jar:3.1 is missing, no dependency information available
2019-09-18 15:54:50,764 [Worker-40: Updating Maven Project] WARN  o.e.m.c.i.embedder.EclipseLogger - Failed to retrieve plugin descriptor for org.apache.mavin.plugins:mavin-compiler-plugin:3.1: Plugin org.apache.mavin.plugins:mavin-compiler-plugin:3.1 or one of its dependencies could not be resolved: Failure to find org.apache.mavin.plugins:mavin-compiler-plugin:jar:3.1 in https://repo.maven.apache.org/maven2 was cached in the local repository, resolution will not be reattempted until the update interval of central has elapsed or updates are forced
2019-09-18 15:54:51,365 [Worker-40: Updating Maven Project] INFO  o.e.m.j.i.AbstractJavaProjectConfigurator - Adding source folder /Loan/src/main/java
2019-09-18 15:54:51,365 [Worker-40: Updating Maven Project] INFO  o.e.m.j.i.AbstractJavaProjectConfigurator - Adding resource folder /Loan/src/main/resources
2019-09-18 15:54:51,365 [Worker-40: Updating Maven Project] INFO  o.e.m.j.i.AbstractJavaProjectConfigurator - Adding source folder /Loan/src/test/java
2019-09-18 15:54:51,365 [Worker-40: Updating Maven Project] INFO  o.e.m.j.i.AbstractJavaProjectConfigurator - Adding resource folder /Loan/src/test/resources
2019-09-18 15:54:51,440 [Worker-40: Updating Maven Project] WARN  o.e.m.c.i.embedder.EclipseLogger - The POM for org.apache.mavin.plugins:mavin-compiler-plugin:jar:3.1 is missing, no dependency information available
2019-09-18 15:54:51,441 [Worker-40: Updating Maven Project] WARN  o.e.m.c.i.embedder.EclipseLogger - Failed to retrieve plugin descriptor for org.apache.mavin.plugins:mavin-compiler-plugin:3.1: Plugin org.apache.mavin.plugins:mavin-compiler-plugin:3.1 or one of its dependencies could not be resolved: Failure to find org.apache.mavin.plugins:mavin-compiler-plugin:jar:3.1 in https://repo.maven.apache.org/maven2 was cached in the local repository, resolution will not be reattempted until the update interval of central has elapsed or updates are forced
2019-09-18 15:54:51,445 [Worker-40: Updating Maven Project] WARN  o.e.m.c.i.embedder.EclipseLogger - The POM for org.apache.mavin.plugins:mavin-compiler-plugin:jar:3.1 is missing, no dependency information available
2019-09-18 15:54:51,446 [Worker-40: Updating Maven Project] WARN  o.e.m.c.i.embedder.EclipseLogger - Failed to retrieve plugin descriptor for org.apache.mavin.plugins:mavin-compiler-plugin:3.1: Plugin org.apache.mavin.plugins:mavin-compiler-plugin:3.1 or one of its dependencies could not be resolved: Failure to find org.apache.mavin.plugins:mavin-compiler-plugin:jar:3.1 in https://repo.maven.apache.org/maven2 was cached in the local repository, resolution will not be reattempted until the update interval of central has elapsed or updates are forced
2019-09-18 15:54:51,503 [Worker-40: Updating Maven Project] INFO  o.e.m.w.i.f.ResourceFilteringBuildParticipant - Cleaning filtered folder for Loan
2019-09-18 15:54:51,514 [Worker-40: Updating Maven Project] INFO  o.e.m.c.i.p.ProjectConfigurationManager - Update completed: 1 sec
2019-09-18 15:54:51,757 [Worker-28: Building workspace] WARN  o.e.m.c.i.embedder.EclipseLogger - Using platform encoding (Cp1252 actually) to copy filtered resources, i.e. build is platform dependent!
2019-09-18 15:54:51,759 [Worker-28: Building workspace] INFO  o.e.m.c.i.embedder.EclipseLogger - Copying 0 resource
2019-09-18 15:54:51,761 [Worker-28: Building workspace] WARN  o.e.m.c.i.embedder.EclipseLogger - Using platform encoding (Cp1252 actually) to copy filtered resources, i.e. build is platform dependent!
2019-09-18 15:54:51,763 [Worker-28: Building workspace] INFO  o.e.m.c.i.embedder.EclipseLogger - Copying 0 resource
2019-09-18 15:54:51,764 [Worker-28: Building workspace] INFO  o.e.m.w.i.f.ResourceFilteringBuildParticipant - Changed resources require a complete clean of filtered resources of Loan
2019-09-18 15:54:51,764 [Worker-28: Building workspace] INFO  o.e.m.w.i.f.ResourceFilteringBuildParticipant - Executing resource filtering for Loan
2019-09-18 15:54:51,767 [Worker-28: Building workspace] WARN  o.e.m.c.i.embedder.EclipseLogger - The POM for org.apache.mavin.plugins:mavin-compiler-plugin:jar:3.1 is missing, no dependency information available
2019-09-18 15:54:51,769 [Worker-28: Building workspace] WARN  o.e.m.c.i.embedder.EclipseLogger - Failed to retrieve plugin descriptor for org.apache.mavin.plugins:mavin-compiler-plugin:3.1: Plugin org.apache.mavin.plugins:mavin-compiler-plugin:3.1 or one of its dependencies could not be resolved: Cannot access central (https://repo.maven.apache.org/maven2) in offline mode and the artifact org.apache.mavin.plugins:mavin-compiler-plugin:jar:3.1 has not been downloaded from it before.
2019-09-18 15:54:51,770 [Worker-28: Building workspace] WARN  o.e.m.c.i.embedder.EclipseLogger - The POM for org.apache.mavin.plugins:mavin-compiler-plugin:jar:3.1 is missing, no dependency information available
2019-09-18 15:54:51,772 [Worker-28: Building workspace] WARN  o.e.m.c.i.embedder.EclipseLogger - Failed to retrieve plugin descriptor for org.apache.mavin.plugins:mavin-compiler-plugin:3.1: Plugin org.apache.mavin.plugins:mavin-compiler-plugin:3.1 or one of its dependencies could not be resolved: Cannot access central (https://repo.maven.apache.org/maven2) in offline mode and the artifact org.apache.mavin.plugins:mavin-compiler-plugin:jar:3.1 has not been downloaded from it before.
2019-09-18 15:54:51,776 [Worker-28: Building workspace] WARN  o.e.m.c.i.embedder.EclipseLogger - Using platform encoding (Cp1252 actually) to copy filtered resources, i.e. build is platform dependent!
2019-09-18 15:57:07,362 [Worker-45: Updating Maven Project] INFO  o.e.m.c.i.p.ProjectConfigurationManager - Update started
2019-09-18 15:57:07,855 [Worker-45: Updating Maven Project] INFO  o.e.m.c.i.l.LifecycleMappingFactory - Using org.maven.ide.eclipse.wtp.WarLifecycleMapping lifecycle mapping for MavenProject: loanApp:Loan:0.0.1-SNAPSHOT @ C:\Users\Mark\eclipse-workspace\LoanApp\Loan\pom.xml.
2019-09-18 15:57:07,860 [Worker-45: Updating Maven Project] WARN  o.e.m.c.i.embedder.EclipseLogger - The POM for org.apache.mavin.plugins:mavin-compiler-plugin:jar:3.1 is missing, no dependency information available
2019-09-18 15:57:07,864 [Worker-45: Updating Maven Project] WARN  o.e.m.c.i.embedder.EclipseLogger - Failed to retrieve plugin descriptor for org.apache.mavin.plugins:mavin-compiler-plugin:3.1: Plugin org.apache.mavin.plugins:mavin-compiler-plugin:3.1 or one of its dependencies could not be resolved: Failure to find org.apache.mavin.plugins:mavin-compiler-plugin:jar:3.1 in https://repo.maven.apache.org/maven2 was cached in the local repository, resolution will not be reattempted until the update interval of central has elapsed or updates are forced
2019-09-18 15:57:07,866 [Worker-45: Updating Maven Project] WARN  o.e.m.c.i.embedder.EclipseLogger - The POM for org.apache.mavin.plugins:mavin-compiler-plugin:jar:3.1 is missing, no dependency information available
2019-09-18 15:57:07,867 [Worker-45: Updating Maven Project] WARN  o.e.m.c.i.embedder.EclipseLogger - Failed to retrieve plugin descriptor for org.apache.mavin.plugins:mavin-compiler-plugin:3.1: Plugin org.apache.mavin.plugins:mavin-compiler-plugin:3.1 or one of its dependencies could not be resolved: Failure to find org.apache.mavin.plugins:mavin-compiler-plugin:jar:3.1 in https://repo.maven.apache.org/maven2 was cached in the local repository, resolution will not be reattempted until the update interval of central has elapsed or updates are forced
2019-09-18 15:57:08,498 [Worker-45: Updating Maven Project] INFO  o.e.m.j.i.AbstractJavaProjectConfigurator - Adding source folder /Loan/src/main/java
2019-09-18 15:57:08,498 [Worker-45: Updating Maven Project] INFO  o.e.m.j.i.AbstractJavaProjectConfigurator - Adding resource folder /Loan/src/main/resources
2019-09-18 15:57:08,499 [Worker-45: Updating Maven Project] INFO  o.e.m.j.i.AbstractJavaProjectConfigurator - Adding source folder /Loan/src/test/java
2019-09-18 15:57:08,499 [Worker-45: Updating Maven Project] INFO  o.e.m.j.i.AbstractJavaProjectConfigurator - Adding resource folder /Loan/src/test/resources
2019-09-18 15:57:08,569 [Worker-45: Updating Maven Project] WARN  o.e.m.c.i.embedder.EclipseLogger - The POM for org.apache.mavin.plugins:mavin-compiler-plugin:jar:3.1 is missing, no dependency information available
2019-09-18 15:57:08,569 [Worker-45: Updating Maven Project] WARN  o.e.m.c.i.embedder.EclipseLogger - Failed to retrieve plugin descriptor for org.apache.mavin.plugins:mavin-compiler-plugin:3.1: Plugin org.apache.mavin.plugins:mavin-compiler-plugin:3.1 or one of its dependencies could not be resolved: Failure to find org.apache.mavin.plugins:mavin-compiler-plugin:jar:3.1 in https://repo.maven.apache.org/maven2 was cached in the local repository, resolution will not be reattempted until the update interval of central has elapsed or updates are forced
2019-09-18 15:57:08,574 [Worker-45: Updating Maven Project] WARN  o.e.m.c.i.embedder.EclipseLogger - The POM for org.apache.mavin.plugins:mavin-compiler-plugin:jar:3.1 is missing, no dependency information available
2019-09-18 15:57:08,574 [Worker-45: Updating Maven Project] WARN  o.e.m.c.i.embedder.EclipseLogger - Failed to retrieve plugin descriptor for org.apache.mavin.plugins:mavin-compiler-plugin:3.1: Plugin org.apache.mavin.plugins:mavin-compiler-plugin:3.1 or one of its dependencies could not be resolved: Failure to find org.apache.mavin.plugins:mavin-compiler-plugin:jar:3.1 in https://repo.maven.apache.org/maven2 was cached in the local repository, resolution will not be reattempted until the update interval of central has elapsed or updates are forced
2019-09-18 15:57:08,621 [Worker-45: Updating Maven Project] INFO  o.e.m.w.i.f.ResourceFilteringBuildParticipant - Cleaning filtered folder for Loan
2019-09-18 15:57:08,631 [Worker-45: Updating Maven Project] INFO  o.e.m.c.i.p.ProjectConfigurationManager - Update completed: 1 sec
2019-09-18 15:57:08,832 [Worker-46: Building workspace] WARN  o.e.m.c.i.embedder.EclipseLogger - Using platform encoding (Cp1252 actually) to copy filtered resources, i.e. build is platform dependent!
2019-09-18 15:57:08,834 [Worker-46: Building workspace] INFO  o.e.m.c.i.embedder.EclipseLogger - Copying 0 resource
2019-09-18 15:57:08,835 [Worker-46: Building workspace] WARN  o.e.m.c.i.embedder.EclipseLogger - Using platform encoding (Cp1252 actually) to copy filtered resources, i.e. build is platform dependent!
2019-09-18 15:57:08,838 [Worker-46: Building workspace] INFO  o.e.m.c.i.embedder.EclipseLogger - Copying 0 resource
2019-09-18 15:57:08,838 [Worker-46: Building workspace] INFO  o.e.m.w.i.f.ResourceFilteringBuildParticipant - Changed resources require a complete clean of filtered resources of Loan
2019-09-18 15:57:08,838 [Worker-46: Building workspace] INFO  o.e.m.w.i.f.ResourceFilteringBuildParticipant - Executing resource filtering for Loan
2019-09-18 15:57:08,840 [Worker-46: Building workspace] WARN  o.e.m.c.i.embedder.EclipseLogger - The POM for org.apache.mavin.plugins:mavin-compiler-plugin:jar:3.1 is missing, no dependency information available
2019-09-18 15:57:08,841 [Worker-46: Building workspace] WARN  o.e.m.c.i.embedder.EclipseLogger - Failed to retrieve plugin descriptor for org.apache.mavin.plugins:mavin-compiler-plugin:3.1: Plugin org.apache.mavin.plugins:mavin-compiler-plugin:3.1 or one of its dependencies could not be resolved: Cannot access central (https://repo.maven.apache.org/maven2) in offline mode and the artifact org.apache.mavin.plugins:mavin-compiler-plugin:jar:3.1 has not been downloaded from it before.
2019-09-18 15:57:08,843 [Worker-46: Building workspace] WARN  o.e.m.c.i.embedder.EclipseLogger - The POM for org.apache.mavin.plugins:mavin-compiler-plugin:jar:3.1 is missing, no dependency information available
2019-09-18 15:57:08,845 [Worker-46: Building workspace] WARN  o.e.m.c.i.embedder.EclipseLogger - Failed to retrieve plugin descriptor for org.apache.mavin.plugins:mavin-compiler-plugin:3.1: Plugin org.apache.mavin.plugins:mavin-compiler-plugin:3.1 or one of its dependencies could not be resolved: Cannot access central (https://repo.maven.apache.org/maven2) in offline mode and the artifact org.apache.mavin.plugins:mavin-compiler-plugin:jar:3.1 has not been downloaded from it before.
2019-09-18 15:57:08,850 [Worker-46: Building workspace] WARN  o.e.m.c.i.embedder.EclipseLogger - Using platform encoding (Cp1252 actually) to copy filtered resources, i.e. build is platform dependent!
2019-09-18 15:59:59,192 [Worker-46: Updating Maven Project] INFO  o.e.m.c.i.p.ProjectConfigurationManager - Update started
2019-09-18 15:59:59,638 [Worker-46: Updating Maven Project] INFO  o.e.m.c.i.l.LifecycleMappingFactory - Using org.maven.ide.eclipse.wtp.WarLifecycleMapping lifecycle mapping for MavenProject: loanApp:Loan:0.0.1-SNAPSHOT @ C:\Users\Mark\eclipse-workspace\LoanApp\Loan\pom.xml.
2019-09-18 15:59:59,643 [Worker-46: Updating Maven Project] WARN  o.e.m.c.i.embedder.EclipseLogger - The POM for org.apache.mavin.plugins:mavin-compiler-plugin:jar:3.1 is missing, no dependency information available
2019-09-18 15:59:59,643 [Worker-46: Updating Maven Project] WARN  o.e.m.c.i.embedder.EclipseLogger - Failed to retrieve plugin descriptor for org.apache.mavin.plugins:mavin-compiler-plugin:3.1: Plugin org.apache.mavin.plugins:mavin-compiler-plugin:3.1 or one of its dependencies could not be resolved: Failure to find org.apache.mavin.plugins:mavin-compiler-plugin:jar:3.1 in https://repo.maven.apache.org/maven2 was cached in the local repository, resolution will not be reattempted until the update interval of central has elapsed or updates are forced
2019-09-18 15:59:59,648 [Worker-46: Updating Maven Project] WARN  o.e.m.c.i.embedder.EclipseLogger - The POM for org.apache.mavin.plugins:mavin-compiler-plugin:jar:3.1 is missing, no dependency information available
2019-09-18 15:59:59,649 [Worker-46: Updating Maven Project] WARN  o.e.m.c.i.embedder.EclipseLogger - Failed to retrieve plugin descriptor for org.apache.mavin.plugins:mavin-compiler-plugin:3.1: Plugin org.apache.mavin.plugins:mavin-compiler-plugin:3.1 or one of its dependencies could not be resolved: Failure to find org.apache.mavin.plugins:mavin-compiler-plugin:jar:3.1 in https://repo.maven.apache.org/maven2 was cached in the local repository, resolution will not be reattempted until the update interval of central has elapsed or updates are forced
2019-09-18 16:00:00,217 [Worker-46: Updating Maven Project] INFO  o.e.m.j.i.AbstractJavaProjectConfigurator - Adding source folder /Loan/src/main/java
2019-09-18 16:00:00,217 [Worker-46: Updating Maven Project] INFO  o.e.m.j.i.AbstractJavaProjectConfigurator - Adding resource folder /Loan/src/main/resources
2019-09-18 16:00:00,217 [Worker-46: Updating Maven Project] INFO  o.e.m.j.i.AbstractJavaProjectConfigurator - Adding source folder /Loan/src/test/java
2019-09-18 16:00:00,217 [Worker-46: Updating Maven Project] INFO  o.e.m.j.i.AbstractJavaProjectConfigurator - Adding resource folder /Loan/src/test/resources
2019-09-18 16:00:00,294 [Worker-46: Updating Maven Project] WARN  o.e.m.c.i.embedder.EclipseLogger - The POM for org.apache.mavin.plugins:mavin-compiler-plugin:jar:3.1 is missing, no dependency information available
2019-09-18 16:00:00,295 [Worker-46: Updating Maven Project] WARN  o.e.m.c.i.embedder.EclipseLogger - Failed to retrieve plugin descriptor for org.apache.mavin.plugins:mavin-compiler-plugin:3.1: Plugin org.apache.mavin.plugins:mavin-compiler-plugin:3.1 or one of its dependencies could not be resolved: Failure to find org.apache.mavin.plugins:mavin-compiler-plugin:jar:3.1 in https://repo.maven.apache.org/maven2 was cached in the local repository, resolution will not be reattempted until the update interval of central has elapsed or updates are forced
2019-09-18 16:00:00,298 [Worker-46: Updating Maven Project] WARN  o.e.m.c.i.embedder.EclipseLogger - The POM for org.apache.mavin.plugins:mavin-compiler-plugin:jar:3.1 is missing, no dependency information available
2019-09-18 16:00:00,299 [Worker-46: Updating Maven Project] WARN  o.e.m.c.i.embedder.EclipseLogger - Failed to retrieve plugin descriptor for org.apache.mavin.plugins:mavin-compiler-plugin:3.1: Plugin org.apache.mavin.plugins:mavin-compiler-plugin:3.1 or one of its dependencies could not be resolved: Failure to find org.apache.mavin.plugins:mavin-compiler-plugin:jar:3.1 in https://repo.maven.apache.org/maven2 was cached in the local repository, resolution will not be reattempted until the update interval of central has elapsed or updates are forced
2019-09-18 16:00:00,344 [Worker-46: Updating Maven Project] INFO  o.e.m.w.i.f.ResourceFilteringBuildParticipant - Cleaning filtered folder for Loan
2019-09-18 16:00:00,353 [Worker-46: Updating Maven Project] INFO  o.e.m.c.i.p.ProjectConfigurationManager - Update completed: 1 sec
2019-09-18 16:00:00,558 [Worker-48: Building workspace] WARN  o.e.m.c.i.embedder.EclipseLogger - Using platform encoding (Cp1252 actually) to copy filtered resources, i.e. build is platform dependent!
2019-09-18 16:00:00,562 [Worker-48: Building workspace] INFO  o.e.m.c.i.embedder.EclipseLogger - Copying 0 resource
2019-09-18 16:00:00,564 [Worker-48: Building workspace] WARN  o.e.m.c.i.embedder.EclipseLogger - Using platform encoding (Cp1252 actually) to copy filtered resources, i.e. build is platform dependent!
2019-09-18 16:00:00,566 [Worker-48: Building workspace] INFO  o.e.m.c.i.embedder.EclipseLogger - Copying 0 resource
2019-09-18 16:00:00,567 [Worker-48: Building workspace] INFO  o.e.m.w.i.f.ResourceFilteringBuildParticipant - Changed resources require a complete clean of filtered resources of Loan
2019-09-18 16:00:00,567 [Worker-48: Building workspace] INFO  o.e.m.w.i.f.ResourceFilteringBuildParticipant - Executing resource filtering for Loan
2019-09-18 16:00:00,569 [Worker-48: Building workspace] WARN  o.e.m.c.i.embedder.EclipseLogger - The POM for org.apache.mavin.plugins:mavin-compiler-plugin:jar:3.1 is missing, no dependency information available
2019-09-18 16:00:00,572 [Worker-48: Building workspace] WARN  o.e.m.c.i.embedder.EclipseLogger - Failed to retrieve plugin descriptor for org.apache.mavin.plugins:mavin-compiler-plugin:3.1: Plugin org.apache.mavin.plugins:mavin-compiler-plugin:3.1 or one of its dependencies could not be resolved: Cannot access central (https://repo.maven.apache.org/maven2) in offline mode and the artifact org.apache.mavin.plugins:mavin-compiler-plugin:jar:3.1 has not been downloaded from it before.
2019-09-18 16:00:00,574 [Worker-48: Building workspace] WARN  o.e.m.c.i.embedder.EclipseLogger - The POM for org.apache.mavin.plugins:mavin-compiler-plugin:jar:3.1 is missing, no dependency information available
2019-09-18 16:00:00,575 [Worker-48: Building workspace] WARN  o.e.m.c.i.embedder.EclipseLogger - Failed to retrieve plugin descriptor for org.apache.mavin.plugins:mavin-compiler-plugin:3.1: Plugin org.apache.mavin.plugins:mavin-compiler-plugin:3.1 or one of its dependencies could not be resolved: Cannot access central (https://repo.maven.apache.org/maven2) in offline mode and the artifact org.apache.mavin.plugins:mavin-compiler-plugin:jar:3.1 has not been downloaded from it before.
2019-09-18 16:00:00,581 [Worker-48: Building workspace] WARN  o.e.m.c.i.embedder.EclipseLogger - Using platform encoding (Cp1252 actually) to copy filtered resources, i.e. build is platform dependent!
2019-09-18 16:00:54,576 [Worker-46: Building workspace] WARN  o.e.m.c.i.embedder.EclipseLogger - Using platform encoding (Cp1252 actually) to copy filtered resources, i.e. build is platform dependent!
2019-09-18 16:00:54,581 [Worker-46: Building workspace] INFO  o.e.m.c.i.embedder.EclipseLogger - Copying 0 resource
2019-09-18 16:00:54,584 [Worker-46: Building workspace] WARN  o.e.m.c.i.embedder.EclipseLogger - Using platform encoding (Cp1252 actually) to copy filtered resources, i.e. build is platform dependent!
2019-09-18 16:00:54,587 [Worker-46: Building workspace] INFO  o.e.m.c.i.embedder.EclipseLogger - Copying 0 resource
2019-09-18 16:01:07,867 [Worker-48: Updating Maven Project] INFO  o.e.m.c.i.p.ProjectConfigurationManager - Update started
2019-09-18 16:01:08,375 [Worker-48: Updating Maven Project] INFO  o.e.m.c.i.l.LifecycleMappingFactory - Using org.maven.ide.eclipse.wtp.WarLifecycleMapping lifecycle mapping for MavenProject: loanApp:Loan:0.0.1-SNAPSHOT @ C:\Users\Mark\eclipse-workspace\LoanApp\Loan\pom.xml.
2019-09-18 16:01:08,380 [Worker-48: Updating Maven Project] WARN  o.e.m.c.i.embedder.EclipseLogger - The POM for org.apache.mavin.plugins:mavin-compiler-plugin:jar:3.1 is missing, no dependency information available
2019-09-18 16:01:08,384 [Worker-48: Updating Maven Project] WARN  o.e.m.c.i.embedder.EclipseLogger - Failed to retrieve plugin descriptor for org.apache.mavin.plugins:mavin-compiler-plugin:3.1: Plugin org.apache.mavin.plugins:mavin-compiler-plugin:3.1 or one of its dependencies could not be resolved: Failure to find org.apache.mavin.plugins:mavin-compiler-plugin:jar:3.1 in https://repo.maven.apache.org/maven2 was cached in the local repository, resolution will not be reattempted until the update interval of central has elapsed or updates are forced
2019-09-18 16:01:08,386 [Worker-48: Updating Maven Project] WARN  o.e.m.c.i.embedder.EclipseLogger - The POM for org.apache.mavin.plugins:mavin-compiler-plugin:jar:3.1 is missing, no dependency information available
2019-09-18 16:01:08,388 [Worker-48: Updating Maven Project] WARN  o.e.m.c.i.embedder.EclipseLogger - Failed to retrieve plugin descriptor for org.apache.mavin.plugins:mavin-compiler-plugin:3.1: Plugin org.apache.mavin.plugins:mavin-compiler-plugin:3.1 or one of its dependencies could not be resolved: Failure to find org.apache.mavin.plugins:mavin-compiler-plugin:jar:3.1 in https://repo.maven.apache.org/maven2 was cached in the local repository, resolution will not be reattempted until the update interval of central has elapsed or updates are forced
2019-09-18 16:01:08,990 [Worker-48: Updating Maven Project] INFO  o.e.m.j.i.AbstractJavaProjectConfigurator - Adding source folder /Loan/src/main/java
2019-09-18 16:01:08,990 [Worker-48: Updating Maven Project] INFO  o.e.m.j.i.AbstractJavaProjectConfigurator - Adding resource folder /Loan/src/main/resources
2019-09-18 16:01:08,991 [Worker-48: Updating Maven Project] INFO  o.e.m.j.i.AbstractJavaProjectConfigurator - Adding source folder /Loan/src/test/java
2019-09-18 16:01:08,991 [Worker-48: Updating Maven Project] INFO  o.e.m.j.i.AbstractJavaProjectConfigurator - Adding resource folder /Loan/src/test/resources
2019-09-18 16:01:09,064 [Worker-48: Updating Maven Project] WARN  o.e.m.c.i.embedder.EclipseLogger - The POM for org.apache.mavin.plugins:mavin-compiler-plugin:jar:3.1 is missing, no dependency information available
2019-09-18 16:01:09,066 [Worker-48: Updating Maven Project] WARN  o.e.m.c.i.embedder.EclipseLogger - Failed to retrieve plugin descriptor for org.apache.mavin.plugins:mavin-compiler-plugin:3.1: Plugin org.apache.mavin.plugins:mavin-compiler-plugin:3.1 or one of its dependencies could not be resolved: Failure to find org.apache.mavin.plugins:mavin-compiler-plugin:jar:3.1 in https://repo.maven.apache.org/maven2 was cached in the local repository, resolution will not be reattempted until the update interval of central has elapsed or updates are forced
2019-09-18 16:01:09,068 [Worker-48: Updating Maven Project] WARN  o.e.m.c.i.embedder.EclipseLogger - The POM for org.apache.mavin.plugins:mavin-compiler-plugin:jar:3.1 is missing, no dependency information available
2019-09-18 16:01:09,070 [Worker-48: Updating Maven Project] WARN  o.e.m.c.i.embedder.EclipseLogger - Failed to retrieve plugin descriptor for org.apache.mavin.plugins:mavin-compiler-plugin:3.1: Plugin org.apache.mavin.plugins:mavin-compiler-plugin:3.1 or one of its dependencies could not be resolved: Failure to find org.apache.mavin.plugins:mavin-compiler-plugin:jar:3.1 in https://repo.maven.apache.org/maven2 was cached in the local repository, resolution will not be reattempted until the update interval of central has elapsed or updates are forced
2019-09-18 16:01:09,136 [Worker-48: Updating Maven Project] INFO  o.e.m.w.i.f.ResourceFilteringBuildParticipant - Cleaning filtered folder for Loan
2019-09-18 16:01:09,146 [Worker-48: Updating Maven Project] INFO  o.e.m.c.i.p.ProjectConfigurationManager - Update completed: 1 sec
2019-09-18 16:01:09,391 [Worker-50: Building workspace] WARN  o.e.m.c.i.embedder.EclipseLogger - Using platform encoding (Cp1252 actually) to copy filtered resources, i.e. build is platform dependent!
2019-09-18 16:01:09,393 [Worker-50: Building workspace] INFO  o.e.m.c.i.embedder.EclipseLogger - Copying 0 resource
2019-09-18 16:01:09,394 [Worker-50: Building workspace] WARN  o.e.m.c.i.embedder.EclipseLogger - Using platform encoding (Cp1252 actually) to copy filtered resources, i.e. build is platform dependent!
2019-09-18 16:01:09,397 [Worker-50: Building workspace] INFO  o.e.m.c.i.embedder.EclipseLogger - Copying 0 resource
2019-09-18 16:01:09,397 [Worker-50: Building workspace] INFO  o.e.m.w.i.f.ResourceFilteringBuildParticipant - Changed resources require a complete clean of filtered resources of Loan
2019-09-18 16:01:09,397 [Worker-50: Building workspace] INFO  o.e.m.w.i.f.ResourceFilteringBuildParticipant - Executing resource filtering for Loan
2019-09-18 16:01:09,399 [Worker-50: Building workspace] WARN  o.e.m.c.i.embedder.EclipseLogger - The POM for org.apache.mavin.plugins:mavin-compiler-plugin:jar:3.1 is missing, no dependency information available
2019-09-18 16:01:09,400 [Worker-50: Building workspace] WARN  o.e.m.c.i.embedder.EclipseLogger - Failed to retrieve plugin descriptor for org.apache.mavin.plugins:mavin-compiler-plugin:3.1: Plugin org.apache.mavin.plugins:mavin-compiler-plugin:3.1 or one of its dependencies could not be resolved: Cannot access central (https://repo.maven.apache.org/maven2) in offline mode and the artifact org.apache.mavin.plugins:mavin-compiler-plugin:jar:3.1 has not been downloaded from it before.
2019-09-18 16:01:09,403 [Worker-50: Building workspace] WARN  o.e.m.c.i.embedder.EclipseLogger - The POM for org.apache.mavin.plugins:mavin-compiler-plugin:jar:3.1 is missing, no dependency information available
2019-09-18 16:01:09,405 [Worker-50: Building workspace] WARN  o.e.m.c.i.embedder.EclipseLogger - Failed to retrieve plugin descriptor for org.apache.mavin.plugins:mavin-compiler-plugin:3.1: Plugin org.apache.mavin.plugins:mavin-compiler-plugin:3.1 or one of its dependencies could not be resolved: Cannot access central (https://repo.maven.apache.org/maven2) in offline mode and the artifact org.apache.mavin.plugins:mavin-compiler-plugin:jar:3.1 has not been downloaded from it before.
2019-09-18 16:01:09,410 [Worker-50: Building workspace] WARN  o.e.m.c.i.embedder.EclipseLogger - Using platform encoding (Cp1252 actually) to copy filtered resources, i.e. build is platform dependent!
2019-09-18 16:03:45,930 [Worker-50: Building workspace] WARN  o.e.m.c.i.embedder.EclipseLogger - Using platform encoding (Cp1252 actually) to copy filtered resources, i.e. build is platform dependent!
2019-09-18 16:03:45,932 [Worker-50: Building workspace] INFO  o.e.m.c.i.embedder.EclipseLogger - Copying 0 resource
2019-09-18 16:03:45,975 [Worker-50: Building workspace] WARN  o.e.m.c.i.embedder.EclipseLogger - Using platform encoding (Cp1252 actually) to copy filtered resources, i.e. build is platform dependent!
2019-09-18 16:03:45,976 [Worker-50: Building workspace] INFO  o.e.m.c.i.embedder.EclipseLogger - Copying 0 resource
2019-09-18 16:04:49,508 [Worker-28: Building workspace] WARN  o.e.m.c.i.embedder.EclipseLogger - Using platform encoding (Cp1252 actually) to copy filtered resources, i.e. build is platform dependent!
2019-09-18 16:04:49,510 [Worker-28: Building workspace] INFO  o.e.m.c.i.embedder.EclipseLogger - Copying 0 resource
2019-09-18 16:04:49,510 [Worker-28: Building workspace] WARN  o.e.m.c.i.embedder.EclipseLogger - Using platform encoding (Cp1252 actually) to copy filtered resources, i.e. build is platform dependent!
2019-09-18 16:04:49,511 [Worker-28: Building workspace] INFO  o.e.m.c.i.embedder.EclipseLogger - Copying 0 resource
2019-09-18 18:15:46,543 [Worker-67: Building workspace] WARN  o.e.m.c.i.embedder.EclipseLogger - Using platform encoding (Cp1252 actually) to copy filtered resources, i.e. build is platform dependent!
2019-09-18 18:15:46,546 [Worker-67: Building workspace] INFO  o.e.m.c.i.embedder.EclipseLogger - Copying 0 resource
2019-09-18 18:15:46,547 [Worker-67: Building workspace] WARN  o.e.m.c.i.embedder.EclipseLogger - Using platform encoding (Cp1252 actually) to copy filtered resources, i.e. build is platform dependent!
2019-09-18 18:15:46,549 [Worker-67: Building workspace] INFO  o.e.m.c.i.embedder.EclipseLogger - Copying 0 resource
